<?xml version="1.0" encoding="UTF-8"?>
<testsuites>
	<testsuite tests="0" failures="0" time="0.000000" name="github.com/hyperledger-labs/signare/app/pkg/adapters/httpin">
		<properties>
			<property name="go.version" value="go1.22.1 linux/amd64"></property>
		</properties>
	</testsuite>
	<testsuite tests="0" failures="0" time="0.000000" name="github.com/hyperledger-labs/signare/app/pkg/adapters/httpmiddlewarein/pepin">
		<properties>
			<property name="go.version" value="go1.22.1 linux/amd64"></property>
		</properties>
	</testsuite>
	<testsuite tests="9" failures="0" time="0.000000" name="github.com/hyperledger-labs/signare/app/pkg/adapters/metricsout">
		<properties>
			<property name="go.version" value="go1.22.1 linux/amd64"></property>
		</properties>
		<testcase classname="github.com/hyperledger-labs/signare/app/pkg/adapters/metricsout" name="TestMetricsRecorderOut_PrometheusMetricsRecorderAdapter_CounterAdapter_Increase" time="0.000000"></testcase>
		<testcase classname="github.com/hyperledger-labs/signare/app/pkg/adapters/metricsout" name="TestMetricsRecorderOut_PrometheusMetricsRecorderAdapter_CounterAdapter_CreateTwiceReturnsSame" time="0.000000"></testcase>
		<testcase classname="github.com/hyperledger-labs/signare/app/pkg/adapters/metricsout" name="TestMetricsRecorderOut_PrometheusMetricsRecorderAdapter_GaugeAdapter_All_Operations" time="0.000000"></testcase>
		<testcase classname="github.com/hyperledger-labs/signare/app/pkg/adapters/metricsout" name="TestMetricsRecorderOut_PrometheusMetricsRecorderAdapter_GaugeAdapter_CreateTwiceReturnsSame" time="0.000000"></testcase>
		<testcase classname="github.com/hyperledger-labs/signare/app/pkg/adapters/metricsout" name="TestMetricsRecorderOut_PrometheusMetricsRecorderAdapter_HistogramAdapter_Observe" time="0.000000"></testcase>
		<testcase classname="github.com/hyperledger-labs/signare/app/pkg/adapters/metricsout" name="TestMetricsRecorderOut_PrometheusMetricsRecorderAdapter_HistogramAdapter_Create_CreateTwiceReturnsSame" time="0.000000"></testcase>
		<testcase classname="github.com/hyperledger-labs/signare/app/pkg/adapters/metricsout" name="TestPrometheusSummaryAdapter_Observe" time="0.000000"></testcase>
		<testcase classname="github.com/hyperledger-labs/signare/app/pkg/adapters/metricsout" name="TestPrometheusSummaryAdapter_Create_CreateTwiceReturnsSame" time="0.000000"></testcase>
		<testcase classname="github.com/hyperledger-labs/signare/app/pkg/adapters/metricsout" name="TestRenderPrometheusMetricDescriptor" time="0.000000"></testcase>
	</testsuite>
	<testsuite tests="0" failures="0" time="0.000000" name="github.com/hyperledger-labs/signare/app/pkg/adapters/rpcin">
		<properties>
			<property name="go.version" value="go1.22.1 linux/amd64"></property>
		</properties>
	</testsuite>
	<testsuite tests="1" failures="0" time="0.000000" name="github.com/hyperledger-labs/signare/app/pkg/adapters/storage/infile/pipinfile">
		<properties>
			<property name="go.version" value="go1.22.1 linux/amd64"></property>
		</properties>
		<testcase classname="github.com/hyperledger-labs/signare/app/pkg/adapters/storage/infile/pipinfile" name="TestDefaultRBACPolicyInformationPointYAMLOutputAdapter_ListActions_Success" time="0.000000"></testcase>
	</testsuite>
	<testsuite tests="1" failures="0" time="0.000000" name="github.com/hyperledger-labs/signare/app/pkg/adapters/storage/infile/roleinfile">
		<properties>
			<property name="go.version" value="go1.22.1 linux/amd64"></property>
		</properties>
		<testcase classname="github.com/hyperledger-labs/signare/app/pkg/adapters/storage/infile/roleinfile" name="TestDefaultRoleStorageInFileYAMLOutputAdapter_ListActions_Success" time="0.000000"></testcase>
	</testsuite>
	<testsuite tests="0" failures="0" time="0.000000" name="github.com/hyperledger-labs/signare/app/pkg/adapters/storage/postgres">
		<properties>
			<property name="go.version" value="go1.22.1 linux/amd64"></property>
		</properties>
	</testsuite>
	<testsuite tests="0" failures="0" time="0.000000" name="github.com/hyperledger-labs/signare/app/pkg/adapters/storage/postgres/accountdbout">
		<properties>
			<property name="go.version" value="go1.22.1 linux/amd64"></property>
		</properties>
	</testsuite>
	<testsuite tests="0" failures="0" time="0.000000" name="github.com/hyperledger-labs/signare/app/pkg/adapters/storage/postgres/admindbout">
		<properties>
			<property name="go.version" value="go1.22.1 linux/amd64"></property>
		</properties>
	</testsuite>
	<testsuite tests="0" failures="0" time="0.000000" name="github.com/hyperledger-labs/signare/app/pkg/adapters/storage/postgres/applicationdbout">
		<properties>
			<property name="go.version" value="go1.22.1 linux/amd64"></property>
		</properties>
	</testsuite>
	<testsuite tests="0" failures="0" time="0.000000" name="github.com/hyperledger-labs/signare/app/pkg/adapters/storage/postgres/hsmdbout">
		<properties>
			<property name="go.version" value="go1.22.1 linux/amd64"></property>
		</properties>
	</testsuite>
	<testsuite tests="0" failures="0" time="0.000000" name="github.com/hyperledger-labs/signare/app/pkg/adapters/storage/postgres/hsmslotdbout">
		<properties>
			<property name="go.version" value="go1.22.1 linux/amd64"></property>
		</properties>
	</testsuite>
	<testsuite tests="0" failures="0" time="0.000000" name="github.com/hyperledger-labs/signare/app/pkg/adapters/storage/postgres/referentialintegritydbout">
		<properties>
			<property name="go.version" value="go1.22.1 linux/amd64"></property>
		</properties>
	</testsuite>
	<testsuite tests="0" failures="0" time="0.000000" name="github.com/hyperledger-labs/signare/app/pkg/adapters/storage/postgres/userdbout">
		<properties>
			<property name="go.version" value="go1.22.1 linux/amd64"></property>
		</properties>
	</testsuite>
	<testsuite tests="0" failures="0" time="0.000000" name="github.com/hyperledger-labs/signare/app/pkg/adapters/storage/transactionaldbout">
		<properties>
			<property name="go.version" value="go1.22.1 linux/amd64"></property>
		</properties>
	</testsuite>
	<testsuite tests="0" failures="0" time="0.000000" name="github.com/hyperledger-labs/signare/app/pkg/adapters/usecaseadapters/pip">
		<properties>
			<property name="go.version" value="go1.22.1 linux/amd64"></property>
		</properties>
	</testsuite>
	<testsuite tests="21" failures="0" time="0.000000" name="github.com/hyperledger-labs/signare/app/pkg/commons/logger">
		<properties>
			<property name="go.version" value="go1.22.1 linux/amd64"></property>
		</properties>
		<testcase classname="github.com/hyperledger-labs/signare/app/pkg/commons/logger" name="TestProvideDefaultLogger/JSON_Handler_is_enabled_by_default" time="0.000000"></testcase>
		<testcase classname="github.com/hyperledger-labs/signare/app/pkg/commons/logger" name="TestProvideDefaultLogger/Text_Handler_is_enabled_in_local_mode" time="0.000000"></testcase>
		<testcase classname="github.com/hyperledger-labs/signare/app/pkg/commons/logger" name="TestProvideDefaultLogger/Lower_levels_than_the_configured_one_are_not_printed" time="0.000000"></testcase>
		<testcase classname="github.com/hyperledger-labs/signare/app/pkg/commons/logger" name="TestProvideDefaultLogger" time="0.000000"></testcase>
		<testcase classname="github.com/hyperledger-labs/signare/app/pkg/commons/logger" name="TestLogger_withoutArguments/INFO_Level" time="0.000000"></testcase>
		<testcase classname="github.com/hyperledger-labs/signare/app/pkg/commons/logger" name="TestLogger_withoutArguments/WARN_Level" time="0.000000"></testcase>
		<testcase classname="github.com/hyperledger-labs/signare/app/pkg/commons/logger" name="TestLogger_withoutArguments/DEBUG_Level" time="0.000000"></testcase>
		<testcase classname="github.com/hyperledger-labs/signare/app/pkg/commons/logger" name="TestLogger_withoutArguments/ERROR_Level" time="0.000000"></testcase>
		<testcase classname="github.com/hyperledger-labs/signare/app/pkg/commons/logger" name="TestLogger_withoutArguments" time="0.000000"></testcase>
		<testcase classname="github.com/hyperledger-labs/signare/app/pkg/commons/logger" name="TestLogger_withArguments/INFO_Level" time="0.000000"></testcase>
		<testcase classname="github.com/hyperledger-labs/signare/app/pkg/commons/logger" name="TestLogger_withArguments/WARN_Level" time="0.000000"></testcase>
		<testcase classname="github.com/hyperledger-labs/signare/app/pkg/commons/logger" name="TestLogger_withArguments/DEBUG_Level" time="0.000000"></testcase>
		<testcase classname="github.com/hyperledger-labs/signare/app/pkg/commons/logger" name="TestLogger_withArguments/ERROR_Level" time="0.000000"></testcase>
		<testcase classname="github.com/hyperledger-labs/signare/app/pkg/commons/logger" name="TestLogger_withArguments" time="0.000000"></testcase>
		<testcase classname="github.com/hyperledger-labs/signare/app/pkg/commons/logger" name="TestLogger_withContextKeyValues/Sucess_with_arguments_and_context_values" time="0.000000"></testcase>
		<testcase classname="github.com/hyperledger-labs/signare/app/pkg/commons/logger" name="TestLogger_withContextKeyValues" time="0.000000"></testcase>
		<testcase classname="github.com/hyperledger-labs/signare/app/pkg/commons/logger" name="TestTracer/INFO_Level" time="0.000000"></testcase>
		<testcase classname="github.com/hyperledger-labs/signare/app/pkg/commons/logger" name="TestTracer/WARN_Level" time="0.000000"></testcase>
		<testcase classname="github.com/hyperledger-labs/signare/app/pkg/commons/logger" name="TestTracer/DEBUG_Level" time="0.000000"></testcase>
		<testcase classname="github.com/hyperledger-labs/signare/app/pkg/commons/logger" name="TestTracer/ERROR_Level" time="0.000000"></testcase>
		<testcase classname="github.com/hyperledger-labs/signare/app/pkg/commons/logger" name="TestTracer" time="0.000000"></testcase>
	</testsuite>
	<testsuite tests="6" failures="0" time="0.000000" name="github.com/hyperledger-labs/signare/app/pkg/commons/metricrecorder">
		<properties>
			<property name="go.version" value="go1.22.1 linux/amd64"></property>
		</properties>
		<testcase classname="github.com/hyperledger-labs/signare/app/pkg/commons/metricrecorder" name="TestDefaultCounter_Increase" time="0.000000"></testcase>
		<testcase classname="github.com/hyperledger-labs/signare/app/pkg/commons/metricrecorder" name="TestDefaultMetricRecorder_NewCounterVector" time="0.000000"></testcase>
		<testcase classname="github.com/hyperledger-labs/signare/app/pkg/commons/metricrecorder" name="TestDefaultGaugeVector_All_Operations" time="0.000000"></testcase>
		<testcase classname="github.com/hyperledger-labs/signare/app/pkg/commons/metricrecorder" name="TestDefaultHistogramVector_Observe" time="0.000000"></testcase>
		<testcase classname="github.com/hyperledger-labs/signare/app/pkg/commons/metricrecorder" name="Test_All" time="0.000000"></testcase>
		<testcase classname="github.com/hyperledger-labs/signare/app/pkg/commons/metricrecorder" name="TestDefaultSummaryVector_Observe" time="0.000000"></testcase>
	</testsuite>
	<testsuite tests="5" failures="0" time="0.000000" name="github.com/hyperledger-labs/signare/app/pkg/commons/persistence">
		<properties>
			<property name="go.version" value="go1.22.1 linux/amd64"></property>
		</properties>
		<testcase classname="github.com/hyperledger-labs/signare/app/pkg/commons/persistence" name="TestNewStorageConfig_Success" time="0.000000"></testcase>
		<testcase classname="github.com/hyperledger-labs/signare/app/pkg/commons/persistence" name="TestError_IsError" time="0.000000"></testcase>
		<testcase classname="github.com/hyperledger-labs/signare/app/pkg/commons/persistence" name="TestError_Description/empty_description" time="0.000000"></testcase>
		<testcase classname="github.com/hyperledger-labs/signare/app/pkg/commons/persistence" name="TestError_Description/with_description" time="0.000000"></testcase>
		<testcase classname="github.com/hyperledger-labs/signare/app/pkg/commons/persistence" name="TestError_Description" time="0.000000"></testcase>
	</testsuite>
	<testsuite tests="0" failures="0" time="0.000000" name="github.com/hyperledger-labs/signare/app/pkg/commons/persistence/dbmigrator">
		<properties>
			<property name="go.version" value="go1.22.1 linux/amd64"></property>
		</properties>
	</testsuite>
	<testsuite tests="4" failures="0" time="0.000000" name="github.com/hyperledger-labs/signare/app/pkg/commons/persistence/sql">
		<properties>
			<property name="go.version" value="go1.22.1 linux/amd64"></property>
		</properties>
		<testcase classname="github.com/hyperledger-labs/signare/app/pkg/commons/persistence/sql" name="TestError_IsError" time="0.000000"></testcase>
		<testcase classname="github.com/hyperledger-labs/signare/app/pkg/commons/persistence/sql" name="TestError_Description/empty_description" time="0.000000"></testcase>
		<testcase classname="github.com/hyperledger-labs/signare/app/pkg/commons/persistence/sql" name="TestError_Description/with_description" time="0.000000"></testcase>
		<testcase classname="github.com/hyperledger-labs/signare/app/pkg/commons/persistence/sql" name="TestError_Description" time="0.000000"></testcase>
	</testsuite>
	<testsuite tests="0" failures="0" time="0.000000" name="github.com/hyperledger-labs/signare/app/pkg/commons/persistence/sql/init">
		<properties>
			<property name="go.version" value="go1.22.1 linux/amd64"></property>
		</properties>
	</testsuite>
	<testsuite tests="0" failures="0" time="0.000000" name="github.com/hyperledger-labs/signare/app/pkg/commons/persistence/sql/postgres">
		<properties>
			<property name="go.version" value="go1.22.1 linux/amd64"></property>
		</properties>
	</testsuite>
	<testsuite tests="0" failures="0" time="0.000000" name="github.com/hyperledger-labs/signare/app/pkg/commons/persistence/sql/sqlite">
		<properties>
			<property name="go.version" value="go1.22.1 linux/amd64"></property>
		</properties>
	</testsuite>
	<testsuite tests="7" failures="0" time="0.000000" name="github.com/hyperledger-labs/signare/app/pkg/commons/rlp">
		<properties>
			<property name="go.version" value="go1.22.1 linux/amd64"></property>
		</properties>
		<testcase classname="github.com/hyperledger-labs/signare/app/pkg/commons/rlp" name="Test_RLP_Encode_CorrectExecution" time="0.000000"></testcase>
		<testcase classname="github.com/hyperledger-labs/signare/app/pkg/commons/rlp" name="Test_RLP_Encode_Error_UnsupportedType" time="0.000000"></testcase>
		<testcase classname="github.com/hyperledger-labs/signare/app/pkg/commons/rlp" name="Test_RLP_Decode_CorrectExecution" time="0.000000"></testcase>
		<testcase classname="github.com/hyperledger-labs/signare/app/pkg/commons/rlp" name="Test_RLP_Error_NilValue" time="0.000000"></testcase>
		<testcase classname="github.com/hyperledger-labs/signare/app/pkg/commons/rlp" name="Test_RLP_DecodeAndDeserialize_CorrectExecution" time="0.000000"></testcase>
		<testcase classname="github.com/hyperledger-labs/signare/app/pkg/commons/rlp" name="Test_RLP_DecodeAndDeserialize_Error" time="0.000000"></testcase>
		<testcase classname="github.com/hyperledger-labs/signare/app/pkg/commons/rlp" name="Test_RLP_EncodeAndDecode_Tx_Receipt_CorrectExecution" time="0.000000"></testcase>
	</testsuite>
	<testsuite tests="5" failures="0" time="0.000000" name="github.com/hyperledger-labs/signare/app/pkg/commons/time">
		<properties>
			<property name="go.version" value="go1.22.1 linux/amd64"></property>
		</properties>
		<testcase classname="github.com/hyperledger-labs/signare/app/pkg/commons/time" name="TestTimestamp_Add" time="0.000000"></testcase>
		<testcase classname="github.com/hyperledger-labs/signare/app/pkg/commons/time" name="TestTimestamp_Sub" time="0.000000"></testcase>
		<testcase classname="github.com/hyperledger-labs/signare/app/pkg/commons/time" name="TestTimestamp_MarhsalAndUnmarshalJSON_Success" time="0.000000"></testcase>
		<testcase classname="github.com/hyperledger-labs/signare/app/pkg/commons/time" name="TestTimestamp_MarhsalAndUnmarshalJSON_Failure" time="0.000000"></testcase>
		<testcase classname="github.com/hyperledger-labs/signare/app/pkg/commons/time" name="TestTimestamp_UnixNano_Success" time="0.000000"></testcase>
	</testsuite>
	<testsuite tests="15" failures="0" time="0.000000" name="github.com/hyperledger-labs/signare/app/pkg/commons/validators">
		<properties>
			<property name="go.version" value="go1.22.1 linux/amd64"></property>
		</properties>
		<testcase classname="github.com/hyperledger-labs/signare/app/pkg/commons/validators" name="TestRequiredAddressValidator/valid_address" time="0.000000"></testcase>
		<testcase classname="github.com/hyperledger-labs/signare/app/pkg/commons/validators" name="TestRequiredAddressValidator/valid_slice_of_addresses" time="0.000000"></testcase>
		<testcase classname="github.com/hyperledger-labs/signare/app/pkg/commons/validators" name="TestRequiredAddressValidator/empty_address" time="0.000000"></testcase>
		<testcase classname="github.com/hyperledger-labs/signare/app/pkg/commons/validators" name="TestRequiredAddressValidator/invalid_address_type" time="0.000000"></testcase>
		<testcase classname="github.com/hyperledger-labs/signare/app/pkg/commons/validators" name="TestRequiredAddressValidator" time="0.000000"></testcase>
		<testcase classname="github.com/hyperledger-labs/signare/app/pkg/commons/validators" name="TestNaturalValidator/empty" time="0.000000"></testcase>
		<testcase classname="github.com/hyperledger-labs/signare/app/pkg/commons/validators" name="TestNaturalValidator/negative_amount" time="0.000000"></testcase>
		<testcase classname="github.com/hyperledger-labs/signare/app/pkg/commons/validators" name="TestNaturalValidator/zero_amount" time="0.000000"></testcase>
		<testcase classname="github.com/hyperledger-labs/signare/app/pkg/commons/validators" name="TestNaturalValidator/positive_amount" time="0.000000"></testcase>
		<testcase classname="github.com/hyperledger-labs/signare/app/pkg/commons/validators" name="TestNaturalValidator" time="0.000000"></testcase>
		<testcase classname="github.com/hyperledger-labs/signare/app/pkg/commons/validators" name="TestPositiveValidator/empty" time="0.000000"></testcase>
		<testcase classname="github.com/hyperledger-labs/signare/app/pkg/commons/validators" name="TestPositiveValidator/negative_amount" time="0.000000"></testcase>
		<testcase classname="github.com/hyperledger-labs/signare/app/pkg/commons/validators" name="TestPositiveValidator/zero_amount" time="0.000000"></testcase>
		<testcase classname="github.com/hyperledger-labs/signare/app/pkg/commons/validators" name="TestPositiveValidator/positive_amount" time="0.000000"></testcase>
		<testcase classname="github.com/hyperledger-labs/signare/app/pkg/commons/validators" name="TestPositiveValidator" time="0.000000"></testcase>
	</testsuite>
	<testsuite tests="43" failures="0" time="0.000000" name="github.com/hyperledger-labs/signare/app/pkg/entities">
		<properties>
			<property name="go.version" value="go1.22.1 linux/amd64"></property>
		</properties>
		<testcase classname="github.com/hyperledger-labs/signare/app/pkg/entities" name="TestNewInt256FromString" time="0.000000"></testcase>
		<testcase classname="github.com/hyperledger-labs/signare/app/pkg/entities" name="TestNewInt256FromInt" time="0.000000"></testcase>
		<testcase classname="github.com/hyperledger-labs/signare/app/pkg/entities" name="TestIsInt256" time="0.000000"></testcase>
		<testcase classname="github.com/hyperledger-labs/signare/app/pkg/entities" name="TestZeroInt256" time="0.000000"></testcase>
		<testcase classname="github.com/hyperledger-labs/signare/app/pkg/entities" name="TestNewHexInt256FromStringFailure" time="0.000000"></testcase>
		<testcase classname="github.com/hyperledger-labs/signare/app/pkg/entities" name="TestNewHexInt256FromStringSuccess" time="0.000000"></testcase>
		<testcase classname="github.com/hyperledger-labs/signare/app/pkg/entities" name="TestIsHexInt256True" time="0.000000"></testcase>
		<testcase classname="github.com/hyperledger-labs/signare/app/pkg/entities" name="TestIsHexInt256False" time="0.000000"></testcase>
		<testcase classname="github.com/hyperledger-labs/signare/app/pkg/entities" name="TestHexInt256UnmarshalText" time="0.000000"></testcase>
		<testcase classname="github.com/hyperledger-labs/signare/app/pkg/entities" name="TestHexInt256MarshalText" time="0.000000"></testcase>
		<testcase classname="github.com/hyperledger-labs/signare/app/pkg/entities" name="TestHexInt256UnmarshalJSON" time="0.000000"></testcase>
		<testcase classname="github.com/hyperledger-labs/signare/app/pkg/entities" name="TestHexInt256MarshalJSON" time="0.000000"></testcase>
		<testcase classname="github.com/hyperledger-labs/signare/app/pkg/entities" name="TestMaxBigInt" time="0.000000"></testcase>
		<testcase classname="github.com/hyperledger-labs/signare/app/pkg/entities" name="TestMinBigInt" time="0.000000"></testcase>
		<testcase classname="github.com/hyperledger-labs/signare/app/pkg/entities" name="TestInt256FirstBitSet" time="0.000000"></testcase>
		<testcase classname="github.com/hyperledger-labs/signare/app/pkg/entities" name="TestInt256PaddedBytes" time="0.000000"></testcase>
		<testcase classname="github.com/hyperledger-labs/signare/app/pkg/entities" name="TestInt256ReadBits" time="0.000000"></testcase>
		<testcase classname="github.com/hyperledger-labs/signare/app/pkg/entities" name="TestInt256U256" time="0.000000"></testcase>
		<testcase classname="github.com/hyperledger-labs/signare/app/pkg/entities" name="TestInt256U256Bytes" time="0.000000"></testcase>
		<testcase classname="github.com/hyperledger-labs/signare/app/pkg/entities" name="TestInt256BigEndianByteAt" time="0.000000"></testcase>
		<testcase classname="github.com/hyperledger-labs/signare/app/pkg/entities" name="TestInt256LittleEndianByteAt" time="0.000000"></testcase>
		<testcase classname="github.com/hyperledger-labs/signare/app/pkg/entities" name="TestInt256S256" time="0.000000"></testcase>
		<testcase classname="github.com/hyperledger-labs/signare/app/pkg/entities" name="TestNewUInt64FromStringValid" time="0.000000"></testcase>
		<testcase classname="github.com/hyperledger-labs/signare/app/pkg/entities" name="TestNewUInt64Valid" time="0.000000"></testcase>
		<testcase classname="github.com/hyperledger-labs/signare/app/pkg/entities" name="TestUInt64String" time="0.000000"></testcase>
		<testcase classname="github.com/hyperledger-labs/signare/app/pkg/entities" name="TestUInt64Overflow" time="0.000000"></testcase>
		<testcase classname="github.com/hyperledger-labs/signare/app/pkg/entities" name="TestHexUInt64UnmarshalText" time="0.000000"></testcase>
		<testcase classname="github.com/hyperledger-labs/signare/app/pkg/entities" name="TestHexBytesUnmarshalText" time="0.000000"></testcase>
		<testcase classname="github.com/hyperledger-labs/signare/app/pkg/entities" name="TestNewHexUInt64FromStringValid" time="0.000000"></testcase>
		<testcase classname="github.com/hyperledger-labs/signare/app/pkg/entities" name="TestNewHexUInt64FromStringInvalid" time="0.000000"></testcase>
		<testcase classname="github.com/hyperledger-labs/signare/app/pkg/entities" name="TestNewHexBytesFromStringValid" time="0.000000"></testcase>
		<testcase classname="github.com/hyperledger-labs/signare/app/pkg/entities" name="TestNewHexBytesFromStringInvalidEmpty" time="0.000000"></testcase>
		<testcase classname="github.com/hyperledger-labs/signare/app/pkg/entities" name="TestNewHexBytesFromStringInvalidHexPrefix" time="0.000000"></testcase>
		<testcase classname="github.com/hyperledger-labs/signare/app/pkg/entities" name="TestNewHexBytes32FromStringInvalidEmpty" time="0.000000"></testcase>
		<testcase classname="github.com/hyperledger-labs/signare/app/pkg/entities" name="TestNewHexBytes32FromStringInvalidHexPrefix" time="0.000000"></testcase>
		<testcase classname="github.com/hyperledger-labs/signare/app/pkg/entities" name="TestCopyBytes" time="0.000000"></testcase>
		<testcase classname="github.com/hyperledger-labs/signare/app/pkg/entities" name="TestLeftPadBytes" time="0.000000"></testcase>
		<testcase classname="github.com/hyperledger-labs/signare/app/pkg/entities" name="TestRightPadBytes" time="0.000000"></testcase>
		<testcase classname="github.com/hyperledger-labs/signare/app/pkg/entities" name="TestFromHex" time="0.000000"></testcase>
		<testcase classname="github.com/hyperledger-labs/signare/app/pkg/entities" name="TestIsHex" time="0.000000"></testcase>
		<testcase classname="github.com/hyperledger-labs/signare/app/pkg/entities" name="TestFromHexOddLength" time="0.000000"></testcase>
		<testcase classname="github.com/hyperledger-labs/signare/app/pkg/entities" name="TestNoPrefixShortHexOddLength" time="0.000000"></testcase>
		<testcase classname="github.com/hyperledger-labs/signare/app/pkg/entities" name="TestTrimRightZeroes" time="0.000000"></testcase>
	</testsuite>
	<testsuite tests="3" failures="0" time="0.000000" name="github.com/hyperledger-labs/signare/app/pkg/entities/address">
		<properties>
			<property name="go.version" value="go1.22.1 linux/amd64"></property>
		</properties>
		<testcase classname="github.com/hyperledger-labs/signare/app/pkg/entities/address" name="TestNewFromHexString/invalid_addresses" time="0.000000"></testcase>
		<testcase classname="github.com/hyperledger-labs/signare/app/pkg/entities/address" name="TestNewFromHexString/valid_addresses" time="0.000000"></testcase>
		<testcase classname="github.com/hyperledger-labs/signare/app/pkg/entities/address" name="TestNewFromHexString" time="0.000000"></testcase>
	</testsuite>
	<testsuite tests="0" failures="0" time="0.000000" name="github.com/hyperledger-labs/signare/app/pkg/graph">
		<properties>
			<property name="go.version" value="go1.22.1 linux/amd64"></property>
		</properties>
	</testsuite>
	<testsuite tests="0" failures="0" time="0.000000" name="github.com/hyperledger-labs/signare/app/pkg/graph/ugprade">
		<properties>
			<property name="go.version" value="go1.22.1 linux/amd64"></property>
		</properties>
	</testsuite>
	<testsuite tests="27" failures="0" time="0.000000" name="github.com/hyperledger-labs/signare/app/pkg/infra/generated/httpinfra">
		<properties>
			<property name="go.version" value="go1.22.1 linux/amd64"></property>
		</properties>
		<testcase classname="github.com/hyperledger-labs/signare/app/pkg/infra/generated/httpinfra" name="Test_PublishAdminApplicationsCreate_Success" time="0.000000"></testcase>
		<testcase classname="github.com/hyperledger-labs/signare/app/pkg/infra/generated/httpinfra" name="Test_PublishAdminApplicationsDescribe_Success" time="0.000000"></testcase>
		<testcase classname="github.com/hyperledger-labs/signare/app/pkg/infra/generated/httpinfra" name="Test_PublishAdminApplicationsEdit_Success" time="0.000000"></testcase>
		<testcase classname="github.com/hyperledger-labs/signare/app/pkg/infra/generated/httpinfra" name="Test_PublishAdminApplicationsList_Success" time="0.000000"></testcase>
		<testcase classname="github.com/hyperledger-labs/signare/app/pkg/infra/generated/httpinfra" name="Test_PublishAdminApplicationsRemove_Success" time="0.000000"></testcase>
		<testcase classname="github.com/hyperledger-labs/signare/app/pkg/infra/generated/httpinfra" name="Test_PublishAdminModulesCreate_Success" time="0.000000"></testcase>
		<testcase classname="github.com/hyperledger-labs/signare/app/pkg/infra/generated/httpinfra" name="Test_PublishAdminModulesDescribe_Success" time="0.000000"></testcase>
		<testcase classname="github.com/hyperledger-labs/signare/app/pkg/infra/generated/httpinfra" name="Test_PublishAdminModulesEdit_Success" time="0.000000"></testcase>
		<testcase classname="github.com/hyperledger-labs/signare/app/pkg/infra/generated/httpinfra" name="Test_PublishAdminModulesList_Success" time="0.000000"></testcase>
		<testcase classname="github.com/hyperledger-labs/signare/app/pkg/infra/generated/httpinfra" name="Test_PublishAdminModulesRemove_Success" time="0.000000"></testcase>
		<testcase classname="github.com/hyperledger-labs/signare/app/pkg/infra/generated/httpinfra" name="Test_PublishAdminSlotsCreate_Success" time="0.000000"></testcase>
		<testcase classname="github.com/hyperledger-labs/signare/app/pkg/infra/generated/httpinfra" name="Test_PublishAdminSlotsDescribe_Success" time="0.000000"></testcase>
		<testcase classname="github.com/hyperledger-labs/signare/app/pkg/infra/generated/httpinfra" name="Test_PublishAdminSlotsList_Success" time="0.000000"></testcase>
		<testcase classname="github.com/hyperledger-labs/signare/app/pkg/infra/generated/httpinfra" name="Test_PublishAdminSlotsRemove_Success" time="0.000000"></testcase>
		<testcase classname="github.com/hyperledger-labs/signare/app/pkg/infra/generated/httpinfra" name="Test_PublishAdminSlotsUpdatePin_Success" time="0.000000"></testcase>
		<testcase classname="github.com/hyperledger-labs/signare/app/pkg/infra/generated/httpinfra" name="Test_PublishAdminUsersCreate_Success" time="0.000000"></testcase>
		<testcase classname="github.com/hyperledger-labs/signare/app/pkg/infra/generated/httpinfra" name="Test_PublishAdminUsersDescribe_Success" time="0.000000"></testcase>
		<testcase classname="github.com/hyperledger-labs/signare/app/pkg/infra/generated/httpinfra" name="Test_PublishAdminUsersEdit_Success" time="0.000000"></testcase>
		<testcase classname="github.com/hyperledger-labs/signare/app/pkg/infra/generated/httpinfra" name="Test_PublishAdminUsersList_Success" time="0.000000"></testcase>
		<testcase classname="github.com/hyperledger-labs/signare/app/pkg/infra/generated/httpinfra" name="Test_PublishAdminUsersRemove_Success" time="0.000000"></testcase>
		<testcase classname="github.com/hyperledger-labs/signare/app/pkg/infra/generated/httpinfra" name="Test_PublishApplicationAccountsCreate_Success" time="0.000000"></testcase>
		<testcase classname="github.com/hyperledger-labs/signare/app/pkg/infra/generated/httpinfra" name="Test_PublishApplicationAccountsRemove_Success" time="0.000000"></testcase>
		<testcase classname="github.com/hyperledger-labs/signare/app/pkg/infra/generated/httpinfra" name="Test_PublishApplicationUsersCreate_Success" time="0.000000"></testcase>
		<testcase classname="github.com/hyperledger-labs/signare/app/pkg/infra/generated/httpinfra" name="Test_PublishApplicationUsersDescribe_Success" time="0.000000"></testcase>
		<testcase classname="github.com/hyperledger-labs/signare/app/pkg/infra/generated/httpinfra" name="Test_PublishApplicationUsersEdit_Success" time="0.000000"></testcase>
		<testcase classname="github.com/hyperledger-labs/signare/app/pkg/infra/generated/httpinfra" name="Test_PublishApplicationUsersList_Success" time="0.000000"></testcase>
		<testcase classname="github.com/hyperledger-labs/signare/app/pkg/infra/generated/httpinfra" name="Test_PublishApplicationUsersRemove_Success" time="0.000000"></testcase>
	</testsuite>
	<testsuite tests="5" failures="0" time="0.000000" name="github.com/hyperledger-labs/signare/app/pkg/infra/httpinfra">
		<properties>
			<property name="go.version" value="go1.22.1 linux/amd64"></property>
		</properties>
		<testcase classname="github.com/hyperledger-labs/signare/app/pkg/infra/httpinfra" name="TestDefaultHTTPResponseHandler_ProvideDefaultHTTPResponseHandler_Correct" time="0.000000"></testcase>
		<testcase classname="github.com/hyperledger-labs/signare/app/pkg/infra/httpinfra" name="TestDefaultHTTPResponseHandler_HandleSuccessResponse_Correct" time="0.000000"></testcase>
		<testcase classname="github.com/hyperledger-labs/signare/app/pkg/infra/httpinfra" name="TestDefaultHTTPResponseHandler_HandleErrorResponse_Correct" time="0.000000"></testcase>
		<testcase classname="github.com/hyperledger-labs/signare/app/pkg/infra/httpinfra" name="TestNewHTTPError" time="0.000000"></testcase>
		<testcase classname="github.com/hyperledger-labs/signare/app/pkg/infra/httpinfra" name="TestNewHTTPErrorFromSignerError" time="0.000000"></testcase>
	</testsuite>
	<testsuite tests="0" failures="0" time="0.000000" name="github.com/hyperledger-labs/signare/app/pkg/infra/metricshttpinfra">
		<properties>
			<property name="go.version" value="go1.22.1 linux/amd64"></property>
		</properties>
	</testsuite>
	<testsuite tests="0" failures="0" time="0.000000" name="github.com/hyperledger-labs/signare/app/pkg/infra/middleware">
		<properties>
			<property name="go.version" value="go1.22.1 linux/amd64"></property>
		</properties>
	</testsuite>
	<testsuite tests="0" failures="0" time="0.000000" name="github.com/hyperledger-labs/signare/app/pkg/infra/middleware/authentication">
		<properties>
			<property name="go.version" value="go1.22.1 linux/amd64"></property>
		</properties>
	</testsuite>
	<testsuite tests="0" failures="0" time="0.000000" name="github.com/hyperledger-labs/signare/app/pkg/infra/middleware/authentication/contextdefinition">
		<properties>
			<property name="go.version" value="go1.22.1 linux/amd64"></property>
		</properties>
	</testsuite>
	<testsuite tests="0" failures="0" time="0.000000" name="github.com/hyperledger-labs/signare/app/pkg/infra/middleware/authentication/contextdefinition/httpcontextdefinition">
		<properties>
			<property name="go.version" value="go1.22.1 linux/amd64"></property>
		</properties>
	</testsuite>
	<testsuite tests="0" failures="0" time="0.000000" name="github.com/hyperledger-labs/signare/app/pkg/infra/middleware/authentication/contextdefinition/rpccontextdefinition">
		<properties>
			<property name="go.version" value="go1.22.1 linux/amd64"></property>
		</properties>
	</testsuite>
	<testsuite tests="0" failures="0" time="0.000000" name="github.com/hyperledger-labs/signare/app/pkg/infra/middleware/authentication/contextvalidation">
		<properties>
			<property name="go.version" value="go1.22.1 linux/amd64"></property>
		</properties>
	</testsuite>
	<testsuite tests="0" failures="0" time="0.000000" name="github.com/hyperledger-labs/signare/app/pkg/infra/middleware/authorization">
		<properties>
			<property name="go.version" value="go1.22.1 linux/amd64"></property>
		</properties>
	</testsuite>
	<testsuite tests="0" failures="0" time="0.000000" name="github.com/hyperledger-labs/signare/app/pkg/infra/middleware/authorization/pep">
		<properties>
			<property name="go.version" value="go1.22.1 linux/amd64"></property>
		</properties>
	</testsuite>
	<testsuite tests="0" failures="0" time="0.000000" name="github.com/hyperledger-labs/signare/app/pkg/infra/middleware/entrypoint/rpcbatchrequestsupport">
		<properties>
			<property name="go.version" value="go1.22.1 linux/amd64"></property>
		</properties>
	</testsuite>
	<testsuite tests="0" failures="0" time="0.000000" name="github.com/hyperledger-labs/signare/app/pkg/infra/middleware/telemetry">
		<properties>
			<property name="go.version" value="go1.22.1 linux/amd64"></property>
		</properties>
	</testsuite>
	<testsuite tests="0" failures="0" time="0.000000" name="github.com/hyperledger-labs/signare/app/pkg/infra/middleware/telemetry/tracer">
		<properties>
			<property name="go.version" value="go1.22.1 linux/amd64"></property>
		</properties>
	</testsuite>
	<testsuite tests="2" failures="0" time="0.000000" name="github.com/hyperledger-labs/signare/app/pkg/infra/requestcontext">
		<properties>
			<property name="go.version" value="go1.22.1 linux/amd64"></property>
		</properties>
		<testcase classname="github.com/hyperledger-labs/signare/app/pkg/infra/requestcontext" name="TestRequestContext_ValidUserAndApplication" time="0.000000"></testcase>
		<testcase classname="github.com/hyperledger-labs/signare/app/pkg/infra/requestcontext" name="TestRequestContext_InValidUserAndApplication" time="0.000000"></testcase>
	</testsuite>
	<testsuite tests="2" failures="0" time="0.000000" name="github.com/hyperledger-labs/signare/app/pkg/infra/rpcinfra">
		<properties>
			<property name="go.version" value="go1.22.1 linux/amd64"></property>
		</properties>
		<testcase classname="github.com/hyperledger-labs/signare/app/pkg/infra/rpcinfra" name="TestRPCInfra_RegisterRPCHandlerFunc" time="0.000000"></testcase>
		<testcase classname="github.com/hyperledger-labs/signare/app/pkg/infra/rpcinfra" name="TestRPCInfra_StartRPCServerWithRegisteredRPCHandler" time="0.000000"></testcase>
	</testsuite>
	<testsuite tests="0" failures="0" time="0.000000" name="github.com/hyperledger-labs/signare/app/pkg/infra/rpcinfra/rpcerrors">
		<properties>
			<property name="go.version" value="go1.22.1 linux/amd64"></property>
		</properties>
	</testsuite>
	<testsuite tests="0" failures="0" time="0.000000" name="github.com/hyperledger-labs/signare/app/pkg/infra/storage/accountdb">
		<properties>
			<property name="go.version" value="go1.22.1 linux/amd64"></property>
		</properties>
	</testsuite>
	<testsuite tests="0" failures="0" time="0.000000" name="github.com/hyperledger-labs/signare/app/pkg/infra/storage/admindb">
		<properties>
			<property name="go.version" value="go1.22.1 linux/amd64"></property>
		</properties>
	</testsuite>
	<testsuite tests="0" failures="0" time="0.000000" name="github.com/hyperledger-labs/signare/app/pkg/infra/storage/applicationdb">
		<properties>
			<property name="go.version" value="go1.22.1 linux/amd64"></property>
		</properties>
	</testsuite>
	<testsuite tests="0" failures="0" time="0.000000" name="github.com/hyperledger-labs/signare/app/pkg/infra/storage/hsmmoduledb">
		<properties>
			<property name="go.version" value="go1.22.1 linux/amd64"></property>
		</properties>
	</testsuite>
	<testsuite tests="0" failures="0" time="0.000000" name="github.com/hyperledger-labs/signare/app/pkg/infra/storage/hsmslotdb">
		<properties>
			<property name="go.version" value="go1.22.1 linux/amd64"></property>
		</properties>
	</testsuite>
	<testsuite tests="0" failures="0" time="0.000000" name="github.com/hyperledger-labs/signare/app/pkg/infra/storage/referentialintegritydb">
		<properties>
			<property name="go.version" value="go1.22.1 linux/amd64"></property>
		</properties>
	</testsuite>
	<testsuite tests="0" failures="0" time="0.000000" name="github.com/hyperledger-labs/signare/app/pkg/infra/storage/userdb">
		<properties>
			<property name="go.version" value="go1.22.1 linux/amd64"></property>
		</properties>
	</testsuite>
	<testsuite tests="94" failures="0" time="0.000000" name="github.com/hyperledger-labs/signare/app/pkg/internal/errors">
		<properties>
			<property name="go.version" value="go1.22.1 linux/amd64"></property>
		</properties>
		<testcase classname="github.com/hyperledger-labs/signare/app/pkg/internal/errors" name="TestAlreadyExists/AlreadyExists_error" time="0.000000"></testcase>
		<testcase classname="github.com/hyperledger-labs/signare/app/pkg/internal/errors" name="TestAlreadyExists/AlreadyExists_error_" time="0.000000"></testcase>
		<testcase classname="github.com/hyperledger-labs/signare/app/pkg/internal/errors" name="TestAlreadyExists/AlreadyExists_error_from_external_error" time="0.000000"></testcase>
		<testcase classname="github.com/hyperledger-labs/signare/app/pkg/internal/errors" name="TestAlreadyExists/AlreadyExists_error_with_error_message_from_external_error" time="0.000000"></testcase>
		<testcase classname="github.com/hyperledger-labs/signare/app/pkg/internal/errors" name="TestAlreadyExists/AlreadyExists_error_with_error_message_and_human_readable_message" time="0.000000"></testcase>
		<testcase classname="github.com/hyperledger-labs/signare/app/pkg/internal/errors" name="TestAlreadyExists/AlreadyExists_error_with_error_message_and_human_readable_message_from_external_error" time="0.000000"></testcase>
		<testcase classname="github.com/hyperledger-labs/signare/app/pkg/internal/errors" name="TestAlreadyExists/AlreadyExists_error_wrapping_another_signare_error" time="0.000000"></testcase>
		<testcase classname="github.com/hyperledger-labs/signare/app/pkg/internal/errors" name="TestAlreadyExists" time="0.000000"></testcase>
		<testcase classname="github.com/hyperledger-labs/signare/app/pkg/internal/errors" name="TestBadGateway/BadGateway_error" time="0.000000"></testcase>
		<testcase classname="github.com/hyperledger-labs/signare/app/pkg/internal/errors" name="TestBadGateway/BadGateway_error_" time="0.000000"></testcase>
		<testcase classname="github.com/hyperledger-labs/signare/app/pkg/internal/errors" name="TestBadGateway/BadGateway_error_from_external_error" time="0.000000"></testcase>
		<testcase classname="github.com/hyperledger-labs/signare/app/pkg/internal/errors" name="TestBadGateway/BadGateway_error_with_error_message_from_external_error" time="0.000000"></testcase>
		<testcase classname="github.com/hyperledger-labs/signare/app/pkg/internal/errors" name="TestBadGateway/BadGateway_error_with_error_message_and_human_readable_message" time="0.000000"></testcase>
		<testcase classname="github.com/hyperledger-labs/signare/app/pkg/internal/errors" name="TestBadGateway/BadGateway_error_with_error_message_and_human_readable_message_from_external_error" time="0.000000"></testcase>
		<testcase classname="github.com/hyperledger-labs/signare/app/pkg/internal/errors" name="TestBadGateway/BadGateway_error_wrapping_another_signare_error" time="0.000000"></testcase>
		<testcase classname="github.com/hyperledger-labs/signare/app/pkg/internal/errors" name="TestBadGateway" time="0.000000"></testcase>
		<testcase classname="github.com/hyperledger-labs/signare/app/pkg/internal/errors" name="TestInternal/Internal_error" time="0.000000"></testcase>
		<testcase classname="github.com/hyperledger-labs/signare/app/pkg/internal/errors" name="TestInternal/Internal_error_" time="0.000000"></testcase>
		<testcase classname="github.com/hyperledger-labs/signare/app/pkg/internal/errors" name="TestInternal/Internal_error_from_external_error" time="0.000000"></testcase>
		<testcase classname="github.com/hyperledger-labs/signare/app/pkg/internal/errors" name="TestInternal/Internal_error_with_error_message_from_external_error" time="0.000000"></testcase>
		<testcase classname="github.com/hyperledger-labs/signare/app/pkg/internal/errors" name="TestInternal/Internal_error_wrapping_another_signare_error" time="0.000000"></testcase>
		<testcase classname="github.com/hyperledger-labs/signare/app/pkg/internal/errors" name="TestInternal" time="0.000000"></testcase>
		<testcase classname="github.com/hyperledger-labs/signare/app/pkg/internal/errors" name="TestInvalidArgument/InvalidArgument_error" time="0.000000"></testcase>
		<testcase classname="github.com/hyperledger-labs/signare/app/pkg/internal/errors" name="TestInvalidArgument/InvalidArgument_error_" time="0.000000"></testcase>
		<testcase classname="github.com/hyperledger-labs/signare/app/pkg/internal/errors" name="TestInvalidArgument/InvalidArgument_error_from_external_error" time="0.000000"></testcase>
		<testcase classname="github.com/hyperledger-labs/signare/app/pkg/internal/errors" name="TestInvalidArgument/InvalidArgument_error_with_error_message_from_external_error" time="0.000000"></testcase>
		<testcase classname="github.com/hyperledger-labs/signare/app/pkg/internal/errors" name="TestInvalidArgument/InvalidArgument_error_with_error_message_and_human_readable_message" time="0.000000"></testcase>
		<testcase classname="github.com/hyperledger-labs/signare/app/pkg/internal/errors" name="TestInvalidArgument/InvalidArgument_error_with_error_message_and_human_readable_message_from_external_error" time="0.000000"></testcase>
		<testcase classname="github.com/hyperledger-labs/signare/app/pkg/internal/errors" name="TestInvalidArgument/InvalidArgument_error_wrapping_another_signare_error" time="0.000000"></testcase>
		<testcase classname="github.com/hyperledger-labs/signare/app/pkg/internal/errors" name="TestInvalidArgument" time="0.000000"></testcase>
		<testcase classname="github.com/hyperledger-labs/signare/app/pkg/internal/errors" name="TestNotFound/NotFound_error" time="0.000000"></testcase>
		<testcase classname="github.com/hyperledger-labs/signare/app/pkg/internal/errors" name="TestNotFound/NotFound_error_" time="0.000000"></testcase>
		<testcase classname="github.com/hyperledger-labs/signare/app/pkg/internal/errors" name="TestNotFound/NotFound_error_from_external_error" time="0.000000"></testcase>
		<testcase classname="github.com/hyperledger-labs/signare/app/pkg/internal/errors" name="TestNotFound/NotFound_error_with_error_message_from_external_error" time="0.000000"></testcase>
		<testcase classname="github.com/hyperledger-labs/signare/app/pkg/internal/errors" name="TestNotFound/NotFound_error_with_error_message_and_human_readable_message" time="0.000000"></testcase>
		<testcase classname="github.com/hyperledger-labs/signare/app/pkg/internal/errors" name="TestNotFound/NotFound_error_with_error_message_and_human_readable_message_from_external_error" time="0.000000"></testcase>
		<testcase classname="github.com/hyperledger-labs/signare/app/pkg/internal/errors" name="TestNotFound/NotFound_error_wrapping_another_signare_error" time="0.000000"></testcase>
		<testcase classname="github.com/hyperledger-labs/signare/app/pkg/internal/errors" name="TestNotFound" time="0.000000"></testcase>
		<testcase classname="github.com/hyperledger-labs/signare/app/pkg/internal/errors" name="TestNotImplemented/NotImplemented_error" time="0.000000"></testcase>
		<testcase classname="github.com/hyperledger-labs/signare/app/pkg/internal/errors" name="TestNotImplemented/NotImplemented_error_" time="0.000000"></testcase>
		<testcase classname="github.com/hyperledger-labs/signare/app/pkg/internal/errors" name="TestNotImplemented/NotImplemented_error_from_external_error" time="0.000000"></testcase>
		<testcase classname="github.com/hyperledger-labs/signare/app/pkg/internal/errors" name="TestNotImplemented/NotImplemented_error_with_error_message_from_external_error" time="0.000000"></testcase>
		<testcase classname="github.com/hyperledger-labs/signare/app/pkg/internal/errors" name="TestNotImplemented/NotImplemented_error_with_error_message_and_human_readable_message" time="0.000000"></testcase>
		<testcase classname="github.com/hyperledger-labs/signare/app/pkg/internal/errors" name="TestNotImplemented/NotImplemented_error_with_error_message_and_human_readable_message_from_external_error" time="0.000000"></testcase>
		<testcase classname="github.com/hyperledger-labs/signare/app/pkg/internal/errors" name="TestNotImplemented/NotImplemented_error_wrapping_another_signare_error" time="0.000000"></testcase>
		<testcase classname="github.com/hyperledger-labs/signare/app/pkg/internal/errors" name="TestNotImplemented" time="0.000000"></testcase>
		<testcase classname="github.com/hyperledger-labs/signare/app/pkg/internal/errors" name="TestPermissionDenied/PermissionDenied_error" time="0.000000"></testcase>
		<testcase classname="github.com/hyperledger-labs/signare/app/pkg/internal/errors" name="TestPermissionDenied/PermissionDenied_error_" time="0.000000"></testcase>
		<testcase classname="github.com/hyperledger-labs/signare/app/pkg/internal/errors" name="TestPermissionDenied/PermissionDenied_error_from_external_error" time="0.000000"></testcase>
		<testcase classname="github.com/hyperledger-labs/signare/app/pkg/internal/errors" name="TestPermissionDenied/PermissionDenied_error_with_error_message_from_external_error" time="0.000000"></testcase>
		<testcase classname="github.com/hyperledger-labs/signare/app/pkg/internal/errors" name="TestPermissionDenied/PermissionDenied_error_wrapping_another_signare_error" time="0.000000"></testcase>
		<testcase classname="github.com/hyperledger-labs/signare/app/pkg/internal/errors" name="TestPermissionDenied" time="0.000000"></testcase>
		<testcase classname="github.com/hyperledger-labs/signare/app/pkg/internal/errors" name="TestPreconditionFailed/PreconditionFailed_error" time="0.000000"></testcase>
		<testcase classname="github.com/hyperledger-labs/signare/app/pkg/internal/errors" name="TestPreconditionFailed/PreconditionFailed_error_" time="0.000000"></testcase>
		<testcase classname="github.com/hyperledger-labs/signare/app/pkg/internal/errors" name="TestPreconditionFailed/PreconditionFailed_error_from_external_error" time="0.000000"></testcase>
		<testcase classname="github.com/hyperledger-labs/signare/app/pkg/internal/errors" name="TestPreconditionFailed/PreconditionFailed_error_with_error_message_from_external_error" time="0.000000"></testcase>
		<testcase classname="github.com/hyperledger-labs/signare/app/pkg/internal/errors" name="TestPreconditionFailed/PreconditionFailed_error_with_error_message_and_human_readable_message" time="0.000000"></testcase>
		<testcase classname="github.com/hyperledger-labs/signare/app/pkg/internal/errors" name="TestPreconditionFailed/PreconditionFailed_error_with_error_message_and_human_readable_message_from_external_error" time="0.000000"></testcase>
		<testcase classname="github.com/hyperledger-labs/signare/app/pkg/internal/errors" name="TestPreconditionFailed/PreconditionFailed_error_wrapping_another_signare_error" time="0.000000"></testcase>
		<testcase classname="github.com/hyperledger-labs/signare/app/pkg/internal/errors" name="TestPreconditionFailed" time="0.000000"></testcase>
		<testcase classname="github.com/hyperledger-labs/signare/app/pkg/internal/errors" name="TestTimeout/Timeout_error" time="0.000000"></testcase>
		<testcase classname="github.com/hyperledger-labs/signare/app/pkg/internal/errors" name="TestTimeout/Timeout_error_" time="0.000000"></testcase>
		<testcase classname="github.com/hyperledger-labs/signare/app/pkg/internal/errors" name="TestTimeout/Timeout_error_from_external_error" time="0.000000"></testcase>
		<testcase classname="github.com/hyperledger-labs/signare/app/pkg/internal/errors" name="TestTimeout/Timeout_error_with_error_message_from_external_error" time="0.000000"></testcase>
		<testcase classname="github.com/hyperledger-labs/signare/app/pkg/internal/errors" name="TestTimeout/Timeout_error_with_error_message_and_human_readable_message" time="0.000000"></testcase>
		<testcase classname="github.com/hyperledger-labs/signare/app/pkg/internal/errors" name="TestTimeout/Timeout_error_with_error_message_and_human_readable_message_from_external_error" time="0.000000"></testcase>
		<testcase classname="github.com/hyperledger-labs/signare/app/pkg/internal/errors" name="TestTimeout/Timeout_error_wrapping_another_signare_error" time="0.000000"></testcase>
		<testcase classname="github.com/hyperledger-labs/signare/app/pkg/internal/errors" name="TestTimeout" time="0.000000"></testcase>
		<testcase classname="github.com/hyperledger-labs/signare/app/pkg/internal/errors" name="TestTooManyReq/TooManyReq_error" time="0.000000"></testcase>
		<testcase classname="github.com/hyperledger-labs/signare/app/pkg/internal/errors" name="TestTooManyReq/TooManyReq_error_" time="0.000000"></testcase>
		<testcase classname="github.com/hyperledger-labs/signare/app/pkg/internal/errors" name="TestTooManyReq/TooManyReq_error_from_external_error" time="0.000000"></testcase>
		<testcase classname="github.com/hyperledger-labs/signare/app/pkg/internal/errors" name="TestTooManyReq/TooManyReq_error_with_error_message_from_external_error" time="0.000000"></testcase>
		<testcase classname="github.com/hyperledger-labs/signare/app/pkg/internal/errors" name="TestTooManyReq/TooManyReq_error_with_error_message_and_human_readable_message" time="0.000000"></testcase>
		<testcase classname="github.com/hyperledger-labs/signare/app/pkg/internal/errors" name="TestTooManyReq/TooManyReq_error_with_error_message_and_human_readable_message_from_external_error" time="0.000000"></testcase>
		<testcase classname="github.com/hyperledger-labs/signare/app/pkg/internal/errors" name="TestTooManyReq/TooManyReq_error_wrapping_another_signare_error" time="0.000000"></testcase>
		<testcase classname="github.com/hyperledger-labs/signare/app/pkg/internal/errors" name="TestTooManyReq" time="0.000000"></testcase>
		<testcase classname="github.com/hyperledger-labs/signare/app/pkg/internal/errors" name="TestUnauthenticated/Unauthenticated_error" time="0.000000"></testcase>
		<testcase classname="github.com/hyperledger-labs/signare/app/pkg/internal/errors" name="TestUnauthenticated/Unauthenticated_error_" time="0.000000"></testcase>
		<testcase classname="github.com/hyperledger-labs/signare/app/pkg/internal/errors" name="TestUnauthenticated/Unauthenticated_error_from_external_error" time="0.000000"></testcase>
		<testcase classname="github.com/hyperledger-labs/signare/app/pkg/internal/errors" name="TestUnauthenticated/Unauthenticated_error_with_error_message_from_external_error" time="0.000000"></testcase>
		<testcase classname="github.com/hyperledger-labs/signare/app/pkg/internal/errors" name="TestUnauthenticated/Unauthenticated_error_with_error_message_and_human_readable_message" time="0.000000"></testcase>
		<testcase classname="github.com/hyperledger-labs/signare/app/pkg/internal/errors" name="TestUnauthenticated/Unauthenticated_error_with_error_message_and_human_readable_message_from_external_error" time="0.000000"></testcase>
		<testcase classname="github.com/hyperledger-labs/signare/app/pkg/internal/errors" name="TestUnauthenticated/Unauthenticated_error_wrapping_another_signare_error" time="0.000000"></testcase>
		<testcase classname="github.com/hyperledger-labs/signare/app/pkg/internal/errors" name="TestUnauthenticated" time="0.000000"></testcase>
		<testcase classname="github.com/hyperledger-labs/signare/app/pkg/internal/errors" name="TestUnavailable/Unavailable_error" time="0.000000"></testcase>
		<testcase classname="github.com/hyperledger-labs/signare/app/pkg/internal/errors" name="TestUnavailable/Unavailable_error_" time="0.000000"></testcase>
		<testcase classname="github.com/hyperledger-labs/signare/app/pkg/internal/errors" name="TestUnavailable/Unavailable_error_from_external_error" time="0.000000"></testcase>
		<testcase classname="github.com/hyperledger-labs/signare/app/pkg/internal/errors" name="TestUnavailable/Unavailable_error_with_error_message_from_external_error" time="0.000000"></testcase>
		<testcase classname="github.com/hyperledger-labs/signare/app/pkg/internal/errors" name="TestUnavailable/Unavailable_error_with_error_message_and_human_readable_message" time="0.000000"></testcase>
		<testcase classname="github.com/hyperledger-labs/signare/app/pkg/internal/errors" name="TestUnavailable/Unavailable_error_with_error_message_and_human_readable_message_from_external_error" time="0.000000"></testcase>
		<testcase classname="github.com/hyperledger-labs/signare/app/pkg/internal/errors" name="TestUnavailable/Unavailable_error_wrapping_another_signare_error" time="0.000000"></testcase>
		<testcase classname="github.com/hyperledger-labs/signare/app/pkg/internal/errors" name="TestUnavailable" time="0.000000"></testcase>
		<testcase classname="github.com/hyperledger-labs/signare/app/pkg/internal/errors" name="TestCastAsSignerError" time="0.000000"></testcase>
		<testcase classname="github.com/hyperledger-labs/signare/app/pkg/internal/errors" name="TestStackTrace" time="0.000000"></testcase>
	</testsuite>
	<testsuite tests="4" failures="0" time="0.000000" name="github.com/hyperledger-labs/signare/app/pkg/signaturemanager">
		<properties>
			<property name="go.version" value="go1.22.1 linux/amd64"></property>
		</properties>
		<testcase classname="github.com/hyperledger-labs/signare/app/pkg/signaturemanager" name="TestError_IsError" time="0.000000"></testcase>
		<testcase classname="github.com/hyperledger-labs/signare/app/pkg/signaturemanager" name="TestError_Description/empty_description" time="0.000000"></testcase>
		<testcase classname="github.com/hyperledger-labs/signare/app/pkg/signaturemanager" name="TestError_Description/with_description" time="0.000000"></testcase>
		<testcase classname="github.com/hyperledger-labs/signare/app/pkg/signaturemanager" name="TestError_Description" time="0.000000"></testcase>
	</testsuite>
	<testsuite tests="0" failures="0" time="0.000000" name="github.com/hyperledger-labs/signare/app/pkg/signaturemanager/pkcs11hsm">
		<properties>
			<property name="go.version" value="go1.22.1 linux/amd64"></property>
		</properties>
	</testsuite>
	<testsuite tests="27" failures="0" time="0.210000" name="github.com/hyperledger-labs/signare/app/pkg/usecases/admin">
		<properties>
			<property name="go.version" value="go1.22.1 linux/amd64"></property>
		</properties>
		<testcase classname="github.com/hyperledger-labs/signare/app/pkg/usecases/admin" name="TestProvideDefaultUseCase/nil_admin_storage" time="0.000000"></testcase>
		<testcase classname="github.com/hyperledger-labs/signare/app/pkg/usecases/admin" name="TestProvideDefaultUseCase/nil_role_use_case" time="0.000000"></testcase>
		<testcase classname="github.com/hyperledger-labs/signare/app/pkg/usecases/admin" name="TestProvideDefaultUseCase/nil_referential_integrity_use_case" time="0.000000"></testcase>
		<testcase classname="github.com/hyperledger-labs/signare/app/pkg/usecases/admin" name="TestProvideDefaultUseCase/success" time="0.000000"></testcase>
		<testcase classname="github.com/hyperledger-labs/signare/app/pkg/usecases/admin" name="TestProvideDefaultUseCase" time="0.000000"></testcase>
		<testcase classname="github.com/hyperledger-labs/signare/app/pkg/usecases/admin" name="TestDefaultUseCase_CreateAdmin/success" time="0.000000"></testcase>
		<testcase classname="github.com/hyperledger-labs/signare/app/pkg/usecases/admin" name="TestDefaultUseCase_CreateAdmin/failure:_admin_already_exists" time="0.000000"></testcase>
		<testcase classname="github.com/hyperledger-labs/signare/app/pkg/usecases/admin" name="TestDefaultUseCase_CreateAdmin" time="0.000000"></testcase>
		<testcase classname="github.com/hyperledger-labs/signare/app/pkg/usecases/admin" name="TestDefaultUseCase_ListAdmins/failure:_invalid_input_arguments" time="0.000000"></testcase>
		<testcase classname="github.com/hyperledger-labs/signare/app/pkg/usecases/admin" name="TestDefaultUseCase_ListAdmins/success:_list_all_applications" time="0.000000"></testcase>
		<testcase classname="github.com/hyperledger-labs/signare/app/pkg/usecases/admin" name="TestDefaultUseCase_ListAdmins/success:_list_DESC_with_limit" time="0.000000"></testcase>
		<testcase classname="github.com/hyperledger-labs/signare/app/pkg/usecases/admin" name="TestDefaultUseCase_ListAdmins/success:_list_ASC_with_limit" time="0.000000"></testcase>
		<testcase classname="github.com/hyperledger-labs/signare/app/pkg/usecases/admin" name="TestDefaultUseCase_ListAdmins" time="0.050000"></testcase>
		<testcase classname="github.com/hyperledger-labs/signare/app/pkg/usecases/admin" name="TestDefaultUseCase_GetAdmin/failure:_invalid_ID" time="0.000000"></testcase>
		<testcase classname="github.com/hyperledger-labs/signare/app/pkg/usecases/admin" name="TestDefaultUseCase_GetAdmin/failure:_application_not_found" time="0.000000"></testcase>
		<testcase classname="github.com/hyperledger-labs/signare/app/pkg/usecases/admin" name="TestDefaultUseCase_GetAdmin/success" time="0.000000"></testcase>
		<testcase classname="github.com/hyperledger-labs/signare/app/pkg/usecases/admin" name="TestDefaultUseCase_GetAdmin" time="0.000000"></testcase>
		<testcase classname="github.com/hyperledger-labs/signare/app/pkg/usecases/admin" name="TestDefaultUseCase_EditAdmin/failure:_invalid_input_arguments" time="0.000000"></testcase>
		<testcase classname="github.com/hyperledger-labs/signare/app/pkg/usecases/admin" name="TestDefaultUseCase_EditAdmin/failure:_nonexistent_admin" time="0.000000"></testcase>
		<testcase classname="github.com/hyperledger-labs/signare/app/pkg/usecases/admin" name="TestDefaultUseCase_EditAdmin/failure:_invalid_resource_version" time="0.000000"></testcase>
		<testcase classname="github.com/hyperledger-labs/signare/app/pkg/usecases/admin" name="TestDefaultUseCase_EditAdmin/success" time="0.000000"></testcase>
		<testcase classname="github.com/hyperledger-labs/signare/app/pkg/usecases/admin" name="TestDefaultUseCase_EditAdmin" time="0.000000"></testcase>
		<testcase classname="github.com/hyperledger-labs/signare/app/pkg/usecases/admin" name="TestDefaultUseCase_DeleteAdmin/failure:_invalid_input_arguments" time="0.000000"></testcase>
		<testcase classname="github.com/hyperledger-labs/signare/app/pkg/usecases/admin" name="TestDefaultUseCase_DeleteAdmin/failure:_cannot_delete_admin_if_there_is_only_one_created" time="0.080000"></testcase>
		<testcase classname="github.com/hyperledger-labs/signare/app/pkg/usecases/admin" name="TestDefaultUseCase_DeleteAdmin/failure:_admin_not_found" time="0.000000"></testcase>
		<testcase classname="github.com/hyperledger-labs/signare/app/pkg/usecases/admin" name="TestDefaultUseCase_DeleteAdmin/success" time="0.000000"></testcase>
		<testcase classname="github.com/hyperledger-labs/signare/app/pkg/usecases/admin" name="TestDefaultUseCase_DeleteAdmin" time="0.080000"></testcase>
	</testsuite>
	<testsuite tests="27" failures="0" time="0.070000" name="github.com/hyperledger-labs/signare/app/pkg/usecases/application">
		<properties>
			<property name="go.version" value="go1.22.1 linux/amd64"></property>
		</properties>
		<testcase classname="github.com/hyperledger-labs/signare/app/pkg/usecases/application" name="TestProvideDefaultUseCase/nil_storage" time="0.000000"></testcase>
		<testcase classname="github.com/hyperledger-labs/signare/app/pkg/usecases/application" name="TestProvideDefaultUseCase/nil_referentialIntegrity_use_case" time="0.000000"></testcase>
		<testcase classname="github.com/hyperledger-labs/signare/app/pkg/usecases/application" name="TestProvideDefaultUseCase/success" time="0.000000"></testcase>
		<testcase classname="github.com/hyperledger-labs/signare/app/pkg/usecases/application" name="TestProvideDefaultUseCase" time="0.000000"></testcase>
		<testcase classname="github.com/hyperledger-labs/signare/app/pkg/usecases/application" name="TestDefaultUseCase_CreateApplication/success:_if_an_Application_ID_is_not_defined,_a_random_one_must_be_assigned" time="0.000000"></testcase>
		<testcase classname="github.com/hyperledger-labs/signare/app/pkg/usecases/application" name="TestDefaultUseCase_CreateApplication/success" time="0.000000"></testcase>
		<testcase classname="github.com/hyperledger-labs/signare/app/pkg/usecases/application" name="TestDefaultUseCase_CreateApplication/failure:_chain_ID_cannot_be_empty" time="0.000000"></testcase>
		<testcase classname="github.com/hyperledger-labs/signare/app/pkg/usecases/application" name="TestDefaultUseCase_CreateApplication/failure:_application_already_exists" time="0.000000"></testcase>
		<testcase classname="github.com/hyperledger-labs/signare/app/pkg/usecases/application" name="TestDefaultUseCase_CreateApplication" time="0.000000"></testcase>
		<testcase classname="github.com/hyperledger-labs/signare/app/pkg/usecases/application" name="TestDefaultUseCase_ListApplications/failure:_invalid_input_arguments" time="0.000000"></testcase>
		<testcase classname="github.com/hyperledger-labs/signare/app/pkg/usecases/application" name="TestDefaultUseCase_ListApplications/success:_list_all_applications" time="0.000000"></testcase>
		<testcase classname="github.com/hyperledger-labs/signare/app/pkg/usecases/application" name="TestDefaultUseCase_ListApplications/success:_list_DESC_with_limit" time="0.000000"></testcase>
		<testcase classname="github.com/hyperledger-labs/signare/app/pkg/usecases/application" name="TestDefaultUseCase_ListApplications/success:_list_ASC_with_limit" time="0.000000"></testcase>
		<testcase classname="github.com/hyperledger-labs/signare/app/pkg/usecases/application" name="TestDefaultUseCase_ListApplications" time="0.060000"></testcase>
		<testcase classname="github.com/hyperledger-labs/signare/app/pkg/usecases/application" name="TestDefaultUseCase_GetApplication/failure:_invalid_ID" time="0.000000"></testcase>
		<testcase classname="github.com/hyperledger-labs/signare/app/pkg/usecases/application" name="TestDefaultUseCase_GetApplication/failure:_application_not_found" time="0.000000"></testcase>
		<testcase classname="github.com/hyperledger-labs/signare/app/pkg/usecases/application" name="TestDefaultUseCase_GetApplication/success" time="0.000000"></testcase>
		<testcase classname="github.com/hyperledger-labs/signare/app/pkg/usecases/application" name="TestDefaultUseCase_GetApplication" time="0.000000"></testcase>
		<testcase classname="github.com/hyperledger-labs/signare/app/pkg/usecases/application" name="TestDefaultUseCase_EditApplication/failure:_invalid_input_arguments" time="0.000000"></testcase>
		<testcase classname="github.com/hyperledger-labs/signare/app/pkg/usecases/application" name="TestDefaultUseCase_EditApplication/failure:_nonexistent_application" time="0.000000"></testcase>
		<testcase classname="github.com/hyperledger-labs/signare/app/pkg/usecases/application" name="TestDefaultUseCase_EditApplication/failure:_invalid_resource_version" time="0.000000"></testcase>
		<testcase classname="github.com/hyperledger-labs/signare/app/pkg/usecases/application" name="TestDefaultUseCase_EditApplication/success" time="0.000000"></testcase>
		<testcase classname="github.com/hyperledger-labs/signare/app/pkg/usecases/application" name="TestDefaultUseCase_EditApplication" time="0.010000"></testcase>
		<testcase classname="github.com/hyperledger-labs/signare/app/pkg/usecases/application" name="TestDefaultUseCase_DeleteApplication/failure:_invalid_input_arguments" time="0.000000"></testcase>
		<testcase classname="github.com/hyperledger-labs/signare/app/pkg/usecases/application" name="TestDefaultUseCase_DeleteApplication/failure:_nonexistent_application" time="0.000000"></testcase>
		<testcase classname="github.com/hyperledger-labs/signare/app/pkg/usecases/application" name="TestDefaultUseCase_DeleteApplication/success" time="0.000000"></testcase>
		<testcase classname="github.com/hyperledger-labs/signare/app/pkg/usecases/application" name="TestDefaultUseCase_DeleteApplication" time="0.000000"></testcase>
	</testsuite>
	<testsuite tests="0" failures="0" time="0.000000" name="github.com/hyperledger-labs/signare/app/pkg/usecases/authorization/pdp">
		<properties>
			<property name="go.version" value="go1.22.1 linux/amd64"></property>
		</properties>
	</testsuite>
	<testsuite tests="5" failures="0" time="0.000000" name="github.com/hyperledger-labs/signare/app/pkg/usecases/authorization/role">
		<properties>
			<property name="go.version" value="go1.22.1 linux/amd64"></property>
		</properties>
		<testcase classname="github.com/hyperledger-labs/signare/app/pkg/usecases/authorization/role" name="TestProvideDefaultRoleUseCase/nil_storage" time="0.000000"></testcase>
		<testcase classname="github.com/hyperledger-labs/signare/app/pkg/usecases/authorization/role" name="TestProvideDefaultRoleUseCase/success" time="0.000000"></testcase>
		<testcase classname="github.com/hyperledger-labs/signare/app/pkg/usecases/authorization/role" name="TestProvideDefaultRoleUseCase" time="0.000000"></testcase>
		<testcase classname="github.com/hyperledger-labs/signare/app/pkg/usecases/authorization/role" name="TestProvideDefaultRoleUseCase_CreateHSM/success" time="0.000000"></testcase>
		<testcase classname="github.com/hyperledger-labs/signare/app/pkg/usecases/authorization/role" name="TestProvideDefaultRoleUseCase_CreateHSM" time="0.000000"></testcase>
	</testsuite>
	<testsuite tests="0" failures="0" time="0.000000" name="github.com/hyperledger-labs/signare/app/pkg/usecases/hsmconnection">
		<properties>
			<property name="go.version" value="go1.22.1 linux/amd64"></property>
		</properties>
	</testsuite>
	<testsuite tests="25" failures="0" time="0.080000" name="github.com/hyperledger-labs/signare/app/pkg/usecases/hsmconnector">
		<properties>
			<property name="go.version" value="go1.22.1 linux/amd64"></property>
		</properties>
		<testcase classname="github.com/hyperledger-labs/signare/app/pkg/usecases/hsmconnector" name="TestProvideDefaultUseCase/success" time="0.000000"></testcase>
		<testcase classname="github.com/hyperledger-labs/signare/app/pkg/usecases/hsmconnector" name="TestProvideDefaultUseCase/nil_digitalSignatureManagerFactory" time="0.000000"></testcase>
		<testcase classname="github.com/hyperledger-labs/signare/app/pkg/usecases/hsmconnector" name="TestProvideDefaultUseCase" time="0.000000"></testcase>
		<testcase classname="github.com/hyperledger-labs/signare/app/pkg/usecases/hsmconnector" name="TestDefaultUseCase_GenerateAddress/success" time="0.010000"></testcase>
		<testcase classname="github.com/hyperledger-labs/signare/app/pkg/usecases/hsmconnector" name="TestDefaultUseCase_GenerateAddress/failure:_invalid_input_arguments" time="0.000000"></testcase>
		<testcase classname="github.com/hyperledger-labs/signare/app/pkg/usecases/hsmconnector" name="TestDefaultUseCase_GenerateAddress" time="0.010000"></testcase>
		<testcase classname="github.com/hyperledger-labs/signare/app/pkg/usecases/hsmconnector" name="TestDefaultUseCase_RemoveAddress/success" time="0.010000"></testcase>
		<testcase classname="github.com/hyperledger-labs/signare/app/pkg/usecases/hsmconnector" name="TestDefaultUseCase_RemoveAddress/failure:_invalid_input_arguments" time="0.000000"></testcase>
		<testcase classname="github.com/hyperledger-labs/signare/app/pkg/usecases/hsmconnector" name="TestDefaultUseCase_RemoveAddress/failure:_address_doesn&#39;t_exist" time="0.000000"></testcase>
		<testcase classname="github.com/hyperledger-labs/signare/app/pkg/usecases/hsmconnector" name="TestDefaultUseCase_RemoveAddress" time="0.010000"></testcase>
		<testcase classname="github.com/hyperledger-labs/signare/app/pkg/usecases/hsmconnector" name="TestDefaultUseCase_ListAddress/success" time="0.010000"></testcase>
		<testcase classname="github.com/hyperledger-labs/signare/app/pkg/usecases/hsmconnector" name="TestDefaultUseCase_ListAddress/failure:_invalid_input_arguments" time="0.000000"></testcase>
		<testcase classname="github.com/hyperledger-labs/signare/app/pkg/usecases/hsmconnector" name="TestDefaultUseCase_ListAddress" time="0.010000"></testcase>
		<testcase classname="github.com/hyperledger-labs/signare/app/pkg/usecases/hsmconnector" name="TestDefaultUseCase_SignTx/success:_regular_transaction_filled_values" time="0.010000"></testcase>
		<testcase classname="github.com/hyperledger-labs/signare/app/pkg/usecases/hsmconnector" name="TestDefaultUseCase_SignTx/success:_regular_transaction_defaults_for_optional_values" time="0.000000"></testcase>
		<testcase classname="github.com/hyperledger-labs/signare/app/pkg/usecases/hsmconnector" name="TestDefaultUseCase_SignTx/success:_smart_contract_deployment_(nil_to_address)" time="0.000000"></testcase>
		<testcase classname="github.com/hyperledger-labs/signare/app/pkg/usecases/hsmconnector" name="TestDefaultUseCase_SignTx" time="0.010000"></testcase>
		<testcase classname="github.com/hyperledger-labs/signare/app/pkg/usecases/hsmconnector" name="TestTransactionHash/regular_transaction_calling_a_contract_function" time="0.000000"></testcase>
		<testcase classname="github.com/hyperledger-labs/signare/app/pkg/usecases/hsmconnector" name="TestTransactionHash/eth_transfer" time="0.000000"></testcase>
		<testcase classname="github.com/hyperledger-labs/signare/app/pkg/usecases/hsmconnector" name="TestTransactionHash/smart_contract_deployment" time="0.000000"></testcase>
		<testcase classname="github.com/hyperledger-labs/signare/app/pkg/usecases/hsmconnector" name="TestTransactionHash" time="0.000000"></testcase>
		<testcase classname="github.com/hyperledger-labs/signare/app/pkg/usecases/hsmconnector" name="TestTransactionRLPEncode/regular_transaction_calling_a_contract_function" time="0.000000"></testcase>
		<testcase classname="github.com/hyperledger-labs/signare/app/pkg/usecases/hsmconnector" name="TestTransactionRLPEncode/eth_transfer" time="0.000000"></testcase>
		<testcase classname="github.com/hyperledger-labs/signare/app/pkg/usecases/hsmconnector" name="TestTransactionRLPEncode/smart_contract_deployment" time="0.000000"></testcase>
		<testcase classname="github.com/hyperledger-labs/signare/app/pkg/usecases/hsmconnector" name="TestTransactionRLPEncode" time="0.000000"></testcase>
	</testsuite>
	<testsuite tests="26" failures="0" time="0.070000" name="github.com/hyperledger-labs/signare/app/pkg/usecases/hsmmodule">
		<properties>
			<property name="go.version" value="go1.22.1 linux/amd64"></property>
		</properties>
		<testcase classname="github.com/hyperledger-labs/signare/app/pkg/usecases/hsmmodule" name="TestProvideDefaultUseCase/nil_storage" time="0.000000"></testcase>
		<testcase classname="github.com/hyperledger-labs/signare/app/pkg/usecases/hsmmodule" name="TestProvideDefaultUseCase/nil_referential_integrity_use_case" time="0.000000"></testcase>
		<testcase classname="github.com/hyperledger-labs/signare/app/pkg/usecases/hsmmodule" name="TestProvideDefaultUseCase/success" time="0.000000"></testcase>
		<testcase classname="github.com/hyperledger-labs/signare/app/pkg/usecases/hsmmodule" name="TestProvideDefaultUseCase" time="0.000000"></testcase>
		<testcase classname="github.com/hyperledger-labs/signare/app/pkg/usecases/hsmmodule" name="TestDefaultUseCase_CreateHSM/success" time="0.000000"></testcase>
		<testcase classname="github.com/hyperledger-labs/signare/app/pkg/usecases/hsmmodule" name="TestDefaultUseCase_CreateHSM/failure:_HSM_already_exists" time="0.000000"></testcase>
		<testcase classname="github.com/hyperledger-labs/signare/app/pkg/usecases/hsmmodule" name="TestDefaultUseCase_CreateHSM" time="0.000000"></testcase>
		<testcase classname="github.com/hyperledger-labs/signare/app/pkg/usecases/hsmmodule" name="TestDefaultUseCase_ListHSMs/failure:_invalid_input_arguments" time="0.000000"></testcase>
		<testcase classname="github.com/hyperledger-labs/signare/app/pkg/usecases/hsmmodule" name="TestDefaultUseCase_ListHSMs/success:_list_all_HSMs" time="0.000000"></testcase>
		<testcase classname="github.com/hyperledger-labs/signare/app/pkg/usecases/hsmmodule" name="TestDefaultUseCase_ListHSMs/success:_list_DESC_with_limit" time="0.000000"></testcase>
		<testcase classname="github.com/hyperledger-labs/signare/app/pkg/usecases/hsmmodule" name="TestDefaultUseCase_ListHSMs/success:_list_ASC_with_limit" time="0.000000"></testcase>
		<testcase classname="github.com/hyperledger-labs/signare/app/pkg/usecases/hsmmodule" name="TestDefaultUseCase_ListHSMs" time="0.050000"></testcase>
		<testcase classname="github.com/hyperledger-labs/signare/app/pkg/usecases/hsmmodule" name="TestDefaultUseCase_GetHSM/failure:_invalid_ID" time="0.000000"></testcase>
		<testcase classname="github.com/hyperledger-labs/signare/app/pkg/usecases/hsmmodule" name="TestDefaultUseCase_GetHSM/failure:_HSM_not_found" time="0.000000"></testcase>
		<testcase classname="github.com/hyperledger-labs/signare/app/pkg/usecases/hsmmodule" name="TestDefaultUseCase_GetHSM/success" time="0.000000"></testcase>
		<testcase classname="github.com/hyperledger-labs/signare/app/pkg/usecases/hsmmodule" name="TestDefaultUseCase_GetHSM" time="0.000000"></testcase>
		<testcase classname="github.com/hyperledger-labs/signare/app/pkg/usecases/hsmmodule" name="TestDefaultUseCase_EditHSM/failure:_invalid_input_arguments" time="0.000000"></testcase>
		<testcase classname="github.com/hyperledger-labs/signare/app/pkg/usecases/hsmmodule" name="TestDefaultUseCase_EditHSM/failure:_nonexistent_HSM" time="0.000000"></testcase>
		<testcase classname="github.com/hyperledger-labs/signare/app/pkg/usecases/hsmmodule" name="TestDefaultUseCase_EditHSM/failure:_invalid_resource_version" time="0.000000"></testcase>
		<testcase classname="github.com/hyperledger-labs/signare/app/pkg/usecases/hsmmodule" name="TestDefaultUseCase_EditHSM/success" time="0.000000"></testcase>
		<testcase classname="github.com/hyperledger-labs/signare/app/pkg/usecases/hsmmodule" name="TestDefaultUseCase_EditHSM" time="0.000000"></testcase>
		<testcase classname="github.com/hyperledger-labs/signare/app/pkg/usecases/hsmmodule" name="TestDefaultUseCase_DeleteHSM/failure:_invalid_input_arguments" time="0.000000"></testcase>
		<testcase classname="github.com/hyperledger-labs/signare/app/pkg/usecases/hsmmodule" name="TestDefaultUseCase_DeleteHSM/failure:_cannot_delete_HSM_if_there_are_slots_in_use" time="0.010000"></testcase>
		<testcase classname="github.com/hyperledger-labs/signare/app/pkg/usecases/hsmmodule" name="TestDefaultUseCase_DeleteHSM/failure:_HSM_not_found" time="0.000000"></testcase>
		<testcase classname="github.com/hyperledger-labs/signare/app/pkg/usecases/hsmmodule" name="TestDefaultUseCase_DeleteHSM/success" time="0.000000"></testcase>
		<testcase classname="github.com/hyperledger-labs/signare/app/pkg/usecases/hsmmodule" name="TestDefaultUseCase_DeleteHSM" time="0.010000"></testcase>
	</testsuite>
	<testsuite tests="38" failures="0" time="0.200000" name="github.com/hyperledger-labs/signare/app/pkg/usecases/hsmslot">
		<properties>
			<property name="go.version" value="go1.22.1 linux/amd64"></property>
		</properties>
		<testcase classname="github.com/hyperledger-labs/signare/app/pkg/usecases/hsmslot" name="TestProvideDefaultUseCase/success" time="0.000000"></testcase>
		<testcase classname="github.com/hyperledger-labs/signare/app/pkg/usecases/hsmslot" name="TestProvideDefaultUseCase/nil_slot_storage" time="0.000000"></testcase>
		<testcase classname="github.com/hyperledger-labs/signare/app/pkg/usecases/hsmslot" name="TestProvideDefaultUseCase/nil_application_use_case" time="0.000000"></testcase>
		<testcase classname="github.com/hyperledger-labs/signare/app/pkg/usecases/hsmslot" name="TestProvideDefaultUseCase/nil_hsm_module_use_case" time="0.000000"></testcase>
		<testcase classname="github.com/hyperledger-labs/signare/app/pkg/usecases/hsmslot" name="TestProvideDefaultUseCase/nil_hsm_connector_use_case" time="0.000000"></testcase>
		<testcase classname="github.com/hyperledger-labs/signare/app/pkg/usecases/hsmslot" name="TestProvideDefaultUseCase/nil_referential_integrity_use_case" time="0.000000"></testcase>
		<testcase classname="github.com/hyperledger-labs/signare/app/pkg/usecases/hsmslot" name="TestProvideDefaultUseCase" time="0.000000"></testcase>
		<testcase classname="github.com/hyperledger-labs/signare/app/pkg/usecases/hsmslot" name="TestDefaultUseCase_CreateHSMSlot/failure:_invalid_input_arguments" time="0.000000"></testcase>
		<testcase classname="github.com/hyperledger-labs/signare/app/pkg/usecases/hsmslot" name="TestDefaultUseCase_CreateHSMSlot/failure:_slot_already_exists" time="0.010000"></testcase>
		<testcase classname="github.com/hyperledger-labs/signare/app/pkg/usecases/hsmslot" name="TestDefaultUseCase_CreateHSMSlot/success" time="0.010000"></testcase>
		<testcase classname="github.com/hyperledger-labs/signare/app/pkg/usecases/hsmslot" name="TestDefaultUseCase_CreateHSMSlot" time="0.020000"></testcase>
		<testcase classname="github.com/hyperledger-labs/signare/app/pkg/usecases/hsmslot" name="TestDefaultUseCase_GetHSMSlot/failure:_invalid_input_arguments" time="0.000000"></testcase>
		<testcase classname="github.com/hyperledger-labs/signare/app/pkg/usecases/hsmslot" name="TestDefaultUseCase_GetHSMSlot/failure:_slot_not_found" time="0.000000"></testcase>
		<testcase classname="github.com/hyperledger-labs/signare/app/pkg/usecases/hsmslot" name="TestDefaultUseCase_GetHSMSlot/success" time="0.010000"></testcase>
		<testcase classname="github.com/hyperledger-labs/signare/app/pkg/usecases/hsmslot" name="TestDefaultUseCase_GetHSMSlot" time="0.010000"></testcase>
		<testcase classname="github.com/hyperledger-labs/signare/app/pkg/usecases/hsmslot" name="TestDefaultUseCase_GetHSMSlotByApplication/failure:_invalid_input_arguments" time="0.000000"></testcase>
		<testcase classname="github.com/hyperledger-labs/signare/app/pkg/usecases/hsmslot" name="TestDefaultUseCase_GetHSMSlotByApplication/failure:_slot_not_found" time="0.000000"></testcase>
		<testcase classname="github.com/hyperledger-labs/signare/app/pkg/usecases/hsmslot" name="TestDefaultUseCase_GetHSMSlotByApplication/success" time="0.010000"></testcase>
		<testcase classname="github.com/hyperledger-labs/signare/app/pkg/usecases/hsmslot" name="TestDefaultUseCase_GetHSMSlotByApplication" time="0.010000"></testcase>
[...]
		<testcase classname="github.com/hyperledger-labs/signare/app/pkg/usecases/referentialintegrity" name="TestDefaultUseCase_GetEntry/invalid_argument:_resource_ID_empty" time="0.000000"></testcase>
		<testcase classname="github.com/hyperledger-labs/signare/app/pkg/usecases/referentialintegrity" name="TestDefaultUseCase_GetEntry/success" time="0.000000"></testcase>
		<testcase classname="github.com/hyperledger-labs/signare/app/pkg/usecases/referentialintegrity" name="TestDefaultUseCase_GetEntry" time="0.000000"></testcase>
		<testcase classname="github.com/hyperledger-labs/signare/app/pkg/usecases/referentialintegrity" name="TestDefaultUseCase_ListEntries/success:_no_elements_for_non_existing_resource" time="0.000000"></testcase>
		<testcase classname="github.com/hyperledger-labs/signare/app/pkg/usecases/referentialintegrity" name="TestDefaultUseCase_ListEntries/success:_no_elements_for_non_existing_parent_resource" time="0.000000"></testcase>
		<testcase classname="github.com/hyperledger-labs/signare/app/pkg/usecases/referentialintegrity" name="TestDefaultUseCase_ListEntries/success:_filter_by_resource" time="0.000000"></testcase>
		<testcase classname="github.com/hyperledger-labs/signare/app/pkg/usecases/referentialintegrity" name="TestDefaultUseCase_ListEntries/success:_filter_by_parent_resource" time="0.000000"></testcase>
		<testcase classname="github.com/hyperledger-labs/signare/app/pkg/usecases/referentialintegrity" name="TestDefaultUseCase_ListEntries/error:_invalid_page_limit" time="0.000000"></testcase>
		<testcase classname="github.com/hyperledger-labs/signare/app/pkg/usecases/referentialintegrity" name="TestDefaultUseCase_ListEntries/error:_invalid_page_offset" time="0.000000"></testcase>
		<testcase classname="github.com/hyperledger-labs/signare/app/pkg/usecases/referentialintegrity" name="TestDefaultUseCase_ListEntries" time="0.010000"></testcase>
		<testcase classname="github.com/hyperledger-labs/signare/app/pkg/usecases/referentialintegrity" name="TestDefaultUseCase_DeleteEntry/success" time="0.000000"></testcase>
		<testcase classname="github.com/hyperledger-labs/signare/app/pkg/usecases/referentialintegrity" name="TestDefaultUseCase_DeleteEntry/invalid_argument:_resource_ID_empty" time="0.000000"></testcase>
		<testcase classname="github.com/hyperledger-labs/signare/app/pkg/usecases/referentialintegrity" name="TestDefaultUseCase_DeleteEntry/not_found" time="0.000000"></testcase>
		<testcase classname="github.com/hyperledger-labs/signare/app/pkg/usecases/referentialintegrity" name="TestDefaultUseCase_DeleteEntry" time="0.010000"></testcase>
		<testcase classname="github.com/hyperledger-labs/signare/app/pkg/usecases/referentialintegrity" name="TestDefaultUseCase_ListMyChildrenEntries/success:_no_elements_for_unused_resource_kind" time="0.000000"></testcase>
		<testcase classname="github.com/hyperledger-labs/signare/app/pkg/usecases/referentialintegrity" name="TestDefaultUseCase_ListMyChildrenEntries/success:_found_children" time="0.000000"></testcase>
		<testcase classname="github.com/hyperledger-labs/signare/app/pkg/usecases/referentialintegrity" name="TestDefaultUseCase_ListMyChildrenEntries/error:_invalid_parent_resource_ID" time="0.000000"></testcase>
		<testcase classname="github.com/hyperledger-labs/signare/app/pkg/usecases/referentialintegrity" name="TestDefaultUseCase_ListMyChildrenEntries/error:_invalid_parent_resource_kind" time="0.000000"></testcase>
		<testcase classname="github.com/hyperledger-labs/signare/app/pkg/usecases/referentialintegrity" name="TestDefaultUseCase_ListMyChildrenEntries" time="0.010000"></testcase>
		<testcase classname="github.com/hyperledger-labs/signare/app/pkg/usecases/referentialintegrity" name="TestDefaultUseCase_DeleteMyEntriesIfAny/success" time="0.000000"></testcase>
		<testcase classname="github.com/hyperledger-labs/signare/app/pkg/usecases/referentialintegrity" name="TestDefaultUseCase_DeleteMyEntriesIfAny/invalid_argument:_resource_ID_empty" time="0.000000"></testcase>
		<testcase classname="github.com/hyperledger-labs/signare/app/pkg/usecases/referentialintegrity" name="TestDefaultUseCase_DeleteMyEntriesIfAny/invalid_argument:_resource_kind_empty" time="0.000000"></testcase>
		<testcase classname="github.com/hyperledger-labs/signare/app/pkg/usecases/referentialintegrity" name="TestDefaultUseCase_DeleteMyEntriesIfAny" time="0.000000"></testcase>
		<testcase classname="github.com/hyperledger-labs/signare/app/pkg/usecases/referentialintegrity" name="TestDefaultUseCase_GetEntryByResourceAndParent/failure:_invalid_resource_ID" time="0.000000"></testcase>
		<testcase classname="github.com/hyperledger-labs/signare/app/pkg/usecases/referentialintegrity" name="TestDefaultUseCase_GetEntryByResourceAndParent/invalid_argument:_resource_kind_empty" time="0.000000"></testcase>
		<testcase classname="github.com/hyperledger-labs/signare/app/pkg/usecases/referentialintegrity" name="TestDefaultUseCase_GetEntryByResourceAndParent/invalid_argument:_parent_resource_ID_empty" time="0.000000"></testcase>
		<testcase classname="github.com/hyperledger-labs/signare/app/pkg/usecases/referentialintegrity" name="TestDefaultUseCase_GetEntryByResourceAndParent/invalid_argument:_parent_resource_kind_empty" time="0.000000"></testcase>
		<testcase classname="github.com/hyperledger-labs/signare/app/pkg/usecases/referentialintegrity" name="TestDefaultUseCase_GetEntryByResourceAndParent/success" time="0.000000"></testcase>
		<testcase classname="github.com/hyperledger-labs/signare/app/pkg/usecases/referentialintegrity" name="TestDefaultUseCase_GetEntryByResourceAndParent" time="0.000000"></testcase>
	</testsuite>
	<testsuite tests="0" failures="0" time="0.000000" name="github.com/hyperledger-labs/signare/app/pkg/usecases/transactionalmanager">
		<properties>
			<property name="go.version" value="go1.22.1 linux/amd64"></property>
		</properties>
	</testsuite>
	<testsuite tests="59" failures="0" time="0.440000" name="github.com/hyperledger-labs/signare/app/pkg/usecases/user">
		<properties>
			<property name="go.version" value="go1.22.1 linux/amd64"></property>
		</properties>
		<testcase classname="github.com/hyperledger-labs/signare/app/pkg/usecases/user" name="TestDefaultUseCase_CreateAccount/failure:_invalid_arguments" time="0.000000"></testcase>
		<testcase classname="github.com/hyperledger-labs/signare/app/pkg/usecases/user" name="TestDefaultUseCase_CreateAccount/failure:_already_exists" time="0.000000"></testcase>
		<testcase classname="github.com/hyperledger-labs/signare/app/pkg/usecases/user" name="TestDefaultUseCase_CreateAccount/success" time="0.000000"></testcase>
		<testcase classname="github.com/hyperledger-labs/signare/app/pkg/usecases/user" name="TestDefaultUseCase_CreateAccount" time="0.010000"></testcase>
		<testcase classname="github.com/hyperledger-labs/signare/app/pkg/usecases/user" name="TestDefaultUseCase_ListAccounts/failure:_invalid_input_arguments" time="0.000000"></testcase>
		<testcase classname="github.com/hyperledger-labs/signare/app/pkg/usecases/user" name="TestDefaultUseCase_ListAccounts/success:_list_all_accounts" time="0.000000"></testcase>
		<testcase classname="github.com/hyperledger-labs/signare/app/pkg/usecases/user" name="TestDefaultUseCase_ListAccounts/success:_list_all_accounts_for_a_specific_user" time="0.000000"></testcase>
		<testcase classname="github.com/hyperledger-labs/signare/app/pkg/usecases/user" name="TestDefaultUseCase_ListAccounts/success:_list_all_accounts_for_a_specific_slot" time="0.000000"></testcase>
		<testcase classname="github.com/hyperledger-labs/signare/app/pkg/usecases/user" name="TestDefaultUseCase_ListAccounts" time="0.110000"></testcase>
		<testcase classname="github.com/hyperledger-labs/signare/app/pkg/usecases/user" name="TestDefaultUseCase_GetAccount/failure:_invalid_input_arguments" time="0.000000"></testcase>
		<testcase classname="github.com/hyperledger-labs/signare/app/pkg/usecases/user" name="TestDefaultUseCase_GetAccount/failure:_application_not_found" time="0.000000"></testcase>
		<testcase classname="github.com/hyperledger-labs/signare/app/pkg/usecases/user" name="TestDefaultUseCase_GetAccount/success" time="0.000000"></testcase>
		<testcase classname="github.com/hyperledger-labs/signare/app/pkg/usecases/user" name="TestDefaultUseCase_GetAccount" time="0.010000"></testcase>
		<testcase classname="github.com/hyperledger-labs/signare/app/pkg/usecases/user" name="TestDefaultUseCase_DeleteAccount/failure:_invalid_input_arguments" time="0.000000"></testcase>
		<testcase classname="github.com/hyperledger-labs/signare/app/pkg/usecases/user" name="TestDefaultUseCase_DeleteAccount/failure:_nonexistent_account" time="0.000000"></testcase>
		<testcase classname="github.com/hyperledger-labs/signare/app/pkg/usecases/user" name="TestDefaultUseCase_DeleteAccount/success" time="0.010000"></testcase>
		<testcase classname="github.com/hyperledger-labs/signare/app/pkg/usecases/user" name="TestDefaultUseCase_DeleteAccount" time="0.010000"></testcase>
		<testcase classname="github.com/hyperledger-labs/signare/app/pkg/usecases/user" name="TestDefaultUseCase_DeleteAllAccountsForAddress/failure:_invalid_input_arguments" time="0.000000"></testcase>
		<testcase classname="github.com/hyperledger-labs/signare/app/pkg/usecases/user" name="TestDefaultUseCase_DeleteAllAccountsForAddress/success" time="0.010000"></testcase>
		<testcase classname="github.com/hyperledger-labs/signare/app/pkg/usecases/user" name="TestDefaultUseCase_DeleteAllAccountsForAddress" time="0.020000"></testcase>
		<testcase classname="github.com/hyperledger-labs/signare/app/pkg/usecases/user" name="TestProvideDefaultUseCase/nil_storage" time="0.000000"></testcase>
		<testcase classname="github.com/hyperledger-labs/signare/app/pkg/usecases/user" name="TestProvideDefaultUseCase/nil_application_use_case" time="0.000000"></testcase>
		<testcase classname="github.com/hyperledger-labs/signare/app/pkg/usecases/user" name="TestProvideDefaultUseCase" time="0.000000"></testcase>
		<testcase classname="github.com/hyperledger-labs/signare/app/pkg/usecases/user" name="TestDefaultUseCase_CreateUser/failure:_invalid_input_arguments" time="0.000000"></testcase>
		<testcase classname="github.com/hyperledger-labs/signare/app/pkg/usecases/user" name="TestDefaultUseCase_CreateUser/success:_if_ID_is_not_provided_a_random_one_is_generated" time="0.000000"></testcase>
		<testcase classname="github.com/hyperledger-labs/signare/app/pkg/usecases/user" name="TestDefaultUseCase_CreateUser/success" time="0.000000"></testcase>
		<testcase classname="github.com/hyperledger-labs/signare/app/pkg/usecases/user" name="TestDefaultUseCase_CreateUser/failure:_invalid_role" time="0.000000"></testcase>
		<testcase classname="github.com/hyperledger-labs/signare/app/pkg/usecases/user" name="TestDefaultUseCase_CreateUser/failure:_already_exists" time="0.000000"></testcase>
		<testcase classname="github.com/hyperledger-labs/signare/app/pkg/usecases/user" name="TestDefaultUseCase_CreateUser" time="0.010000"></testcase>
		<testcase classname="github.com/hyperledger-labs/signare/app/pkg/usecases/user" name="TestDefaultUseCase_ListUsers/failure:_invalid_arguments" time="0.000000"></testcase>
		<testcase classname="github.com/hyperledger-labs/signare/app/pkg/usecases/user" name="TestDefaultUseCase_ListUsers/success:_list_all_users_without_limit" time="0.000000"></testcase>
		<testcase classname="github.com/hyperledger-labs/signare/app/pkg/usecases/user" name="TestDefaultUseCase_ListUsers/success:_list_DESC_with_limit" time="0.000000"></testcase>
		<testcase classname="github.com/hyperledger-labs/signare/app/pkg/usecases/user" name="TestDefaultUseCase_ListUsers/success:_list_ASC_with_limit" time="0.000000"></testcase>
		<testcase classname="github.com/hyperledger-labs/signare/app/pkg/usecases/user" name="TestDefaultUseCase_ListUsers" time="0.100000"></testcase>
		<testcase classname="github.com/hyperledger-labs/signare/app/pkg/usecases/user" name="TestDefaultUseCase_GetUser/failure:_invalid_arguments" time="0.000000"></testcase>
		<testcase classname="github.com/hyperledger-labs/signare/app/pkg/usecases/user" name="TestDefaultUseCase_GetUser/failure:_user_not_found" time="0.000000"></testcase>
		<testcase classname="github.com/hyperledger-labs/signare/app/pkg/usecases/user" name="TestDefaultUseCase_GetUser/success" time="0.000000"></testcase>
		<testcase classname="github.com/hyperledger-labs/signare/app/pkg/usecases/user" name="TestDefaultUseCase_GetUser" time="0.010000"></testcase>
		<testcase classname="github.com/hyperledger-labs/signare/app/pkg/usecases/user" name="TestDefaultUseCase_EditUser/failure:_invalid_arguments" time="0.000000"></testcase>
		<testcase classname="github.com/hyperledger-labs/signare/app/pkg/usecases/user" name="TestDefaultUseCase_EditUser/failure:_user_not_found" time="0.000000"></testcase>
		<testcase classname="github.com/hyperledger-labs/signare/app/pkg/usecases/user" name="TestDefaultUseCase_EditUser/failure:_invalid_resource_version" time="0.000000"></testcase>
		<testcase classname="github.com/hyperledger-labs/signare/app/pkg/usecases/user" name="TestDefaultUseCase_EditUser/failure:_role_is_mandatory" time="0.000000"></testcase>
		<testcase classname="github.com/hyperledger-labs/signare/app/pkg/usecases/user" name="TestDefaultUseCase_EditUser/failure:_invalid_role" time="0.000000"></testcase>
		<testcase classname="github.com/hyperledger-labs/signare/app/pkg/usecases/user" name="TestDefaultUseCase_EditUser/success" time="0.000000"></testcase>
		<testcase classname="github.com/hyperledger-labs/signare/app/pkg/usecases/user" name="TestDefaultUseCase_EditUser" time="0.010000"></testcase>
		<testcase classname="github.com/hyperledger-labs/signare/app/pkg/usecases/user" name="TestDefaultUseCase_DeleteUser/failure:_invalid_input_arguments" time="0.000000"></testcase>
		<testcase classname="github.com/hyperledger-labs/signare/app/pkg/usecases/user" name="TestDefaultUseCase_DeleteUser/failure:_nonexistent_user" time="0.000000"></testcase>
		<testcase classname="github.com/hyperledger-labs/signare/app/pkg/usecases/user" name="TestDefaultUseCase_DeleteUser/success" time="0.010000"></testcase>
		<testcase classname="github.com/hyperledger-labs/signare/app/pkg/usecases/user" name="TestDefaultUseCase_DeleteUser" time="0.010000"></testcase>
		<testcase classname="github.com/hyperledger-labs/signare/app/pkg/usecases/user" name="TestDefaultUseCase_AddUserAccounts/failure:_invalid_input_arguments" time="0.000000"></testcase>
		<testcase classname="github.com/hyperledger-labs/signare/app/pkg/usecases/user" name="TestDefaultUseCase_AddUserAccounts/failure:_user_not_found" time="0.000000"></testcase>
		<testcase classname="github.com/hyperledger-labs/signare/app/pkg/usecases/user" name="TestDefaultUseCase_AddUserAccounts/failure:_user&#39;s_application_not_found" time="0.000000"></testcase>
		<testcase classname="github.com/hyperledger-labs/signare/app/pkg/usecases/user" name="TestDefaultUseCase_AddUserAccounts/success:_adding_duplicated_accounts_results_in_no_error_but_no_accounts_persisted" time="0.020000"></testcase>
		<testcase classname="github.com/hyperledger-labs/signare/app/pkg/usecases/user" name="TestDefaultUseCase_AddUserAccounts/success" time="0.010000"></testcase>
		<testcase classname="github.com/hyperledger-labs/signare/app/pkg/usecases/user" name="TestDefaultUseCase_AddUserAccounts" time="0.040000"></testcase>
		<testcase classname="github.com/hyperledger-labs/signare/app/pkg/usecases/user" name="TestDefaultUseCase_RemoveUserAccount/failure:_invalid_input_arguments" time="0.000000"></testcase>
		<testcase classname="github.com/hyperledger-labs/signare/app/pkg/usecases/user" name="TestDefaultUseCase_RemoveUserAccount/failure:_account_not_found" time="0.000000"></testcase>
		<testcase classname="github.com/hyperledger-labs/signare/app/pkg/usecases/user" name="TestDefaultUseCase_RemoveUserAccount/success" time="0.020000"></testcase>
		<testcase classname="github.com/hyperledger-labs/signare/app/pkg/usecases/user" name="TestDefaultUseCase_RemoveUserAccount" time="0.020000"></testcase>
	</testsuite>
	<testsuite tests="26" failures="0" time="0.000000" name="github.com/hyperledger-labs/signare/app/pkg/utils">
		<properties>
			<property name="go.version" value="go1.22.1 linux/amd64"></property>
		</properties>
		<testcase classname="github.com/hyperledger-labs/signare/app/pkg/utils" name="Test_DefaultIntValue/Zero_case" time="0.000000"></testcase>
		<testcase classname="github.com/hyperledger-labs/signare/app/pkg/utils" name="Test_DefaultIntValue/Normal_Case" time="0.000000"></testcase>
		<testcase classname="github.com/hyperledger-labs/signare/app/pkg/utils" name="Test_DefaultIntValue" time="0.000000"></testcase>
		<testcase classname="github.com/hyperledger-labs/signare/app/pkg/utils" name="Test_DefaultMaxValue/Inferior_case" time="0.000000"></testcase>
		<testcase classname="github.com/hyperledger-labs/signare/app/pkg/utils" name="Test_DefaultMaxValue/Equal_Case" time="0.000000"></testcase>
		<testcase classname="github.com/hyperledger-labs/signare/app/pkg/utils" name="Test_DefaultMaxValue/Superior_Case" time="0.000000"></testcase>
		<testcase classname="github.com/hyperledger-labs/signare/app/pkg/utils" name="Test_DefaultMaxValue" time="0.000000"></testcase>
		<testcase classname="github.com/hyperledger-labs/signare/app/pkg/utils" name="Test_DefaultPtrBigIntValue/Zero_case" time="0.000000"></testcase>
		<testcase classname="github.com/hyperledger-labs/signare/app/pkg/utils" name="Test_DefaultPtrBigIntValue/Nil_case" time="0.000000"></testcase>
		<testcase classname="github.com/hyperledger-labs/signare/app/pkg/utils" name="Test_DefaultPtrBigIntValue/Normal_Case" time="0.000000"></testcase>
		<testcase classname="github.com/hyperledger-labs/signare/app/pkg/utils" name="Test_DefaultPtrBigIntValue" time="0.000000"></testcase>
		<testcase classname="github.com/hyperledger-labs/signare/app/pkg/utils" name="Test_PtrStringDefaultValue/Nil_value" time="0.000000"></testcase>
		<testcase classname="github.com/hyperledger-labs/signare/app/pkg/utils" name="Test_PtrStringDefaultValue/Test_value_1" time="0.000000"></testcase>
		<testcase classname="github.com/hyperledger-labs/signare/app/pkg/utils" name="Test_PtrStringDefaultValue" time="0.000000"></testcase>
		<testcase classname="github.com/hyperledger-labs/signare/app/pkg/utils" name="Test_PtrIntDefaultValue/Nil_value" time="0.000000"></testcase>
		<testcase classname="github.com/hyperledger-labs/signare/app/pkg/utils" name="Test_PtrIntDefaultValue/Test_value" time="0.000000"></testcase>
		<testcase classname="github.com/hyperledger-labs/signare/app/pkg/utils" name="Test_PtrIntDefaultValue" time="0.000000"></testcase>
		<testcase classname="github.com/hyperledger-labs/signare/app/pkg/utils" name="Test_DefaultString/Equal" time="0.000000"></testcase>
		<testcase classname="github.com/hyperledger-labs/signare/app/pkg/utils" name="Test_DefaultString/Equal#01" time="0.000000"></testcase>
		<testcase classname="github.com/hyperledger-labs/signare/app/pkg/utils" name="Test_DefaultString/Test_value" time="0.000000"></testcase>
		<testcase classname="github.com/hyperledger-labs/signare/app/pkg/utils" name="Test_DefaultString" time="0.000000"></testcase>
		<testcase classname="github.com/hyperledger-labs/signare/app/pkg/utils" name="TestMaxOf/both_values_equal" time="0.000000"></testcase>
		<testcase classname="github.com/hyperledger-labs/signare/app/pkg/utils" name="TestMaxOf/first_greater" time="0.000000"></testcase>
		<testcase classname="github.com/hyperledger-labs/signare/app/pkg/utils" name="TestMaxOf/second_greater" time="0.000000"></testcase>
		<testcase classname="github.com/hyperledger-labs/signare/app/pkg/utils" name="TestMaxOf/negative_values" time="0.000000"></testcase>
		<testcase classname="github.com/hyperledger-labs/signare/app/pkg/utils" name="TestMaxOf" time="0.000000"></testcase>
	</testsuite>
</testsuites>